[2025-11-30 16:32:56] [重要] 程序退出
[2025-11-30 16:32:57] [重要] 程序退出
[2025-11-30 16:33:21] [状态] 大型行为状态更新为: 准备中
[2025-11-30 16:33:21] [状态] 小行为状态更新为: 初始化
[2025-11-30 16:33:21] [重要] 鼠标控制功能启动
[2025-11-30 16:33:21] [重要] 鼠标控制功能启动
[2025-11-30 16:33:21] [判断] 当前没有相关课程状态
[2025-11-30 16:33:21] [状态] 大型行为状态更新为: 等待中
[2025-11-30 16:33:21] [状态] 小行为状态更新为: 今日无课程
[2025-11-30 16:33:22] [判断] 当前没有相关课程状态
[2025-11-30 16:33:23] [判断] 当前没有相关课程状态
[2025-11-30 16:33:24] [判断] 当前没有相关课程状态
[2025-11-30 16:33:25] [判断] 当前没有相关课程状态
[2025-11-30 16:33:26] [判断] 当前没有相关课程状态
[2025-11-30 16:33:27] [判断] 当前没有相关课程状态
[2025-11-30 16:33:28] [判断] 当前没有相关课程状态
[2025-11-30 16:33:29] [判断] 当前没有相关课程状态
[2025-11-30 16:33:30] [判断] 当前没有相关课程状态
[2025-11-30 16:33:31] [判断] 当前没有相关课程状态
[2025-11-30 16:33:32] [重要] 鼠标控制功能停止
[2025-11-30 16:33:32] [状态] 大型行为状态更新为: 未启动
[2025-11-30 16:33:32] [状态] 小行为状态更新为: 等待中
[2025-11-30 16:33:32] [重要] 鼠标控制功能停止
[2025-11-30 16:33:39] [操作] 启动屏幕检测
[2025-11-30 16:33:39] [状态] 大型行为状态更新为: 准备中
[2025-11-30 16:33:39] [状态] 小行为状态更新为: 初始化
[2025-11-30 16:33:39] [重要] 鼠标控制功能启动
[2025-11-30 16:33:39] [重要] 鼠标控制功能启动
[2025-11-30 16:33:39] [判断] 当前没有相关课程状态
[2025-11-30 16:33:39] [状态] 大型行为状态更新为: 等待中
[2025-11-30 16:33:39] [状态] 小行为状态更新为: 今日无课程
[2025-11-30 16:33:40] [判断] 当前没有相关课程状态
[2025-11-30 16:33:41] [判断] 当前没有相关课程状态
[2025-11-30 16:33:42] [判断] 当前没有相关课程状态
[2025-11-30 16:33:43] [判断] 当前没有相关课程状态
[2025-11-30 16:33:44] [判断] 当前没有相关课程状态
[2025-11-30 16:33:45] [判断] 当前没有相关课程状态
[2025-11-30 16:33:46] [判断] 当前没有相关课程状态
[2025-11-30 16:33:47] [判断] 当前没有相关课程状态
[2025-11-30 16:33:48] [判断] 当前没有相关课程状态
[2025-11-30 16:33:49] [判断] 当前没有相关课程状态
[2025-11-30 16:33:50] [判断] 当前没有相关课程状态
[2025-11-30 16:33:51] [判断] 当前没有相关课程状态
[2025-11-30 16:33:52] [判断] 当前没有相关课程状态
[2025-11-30 16:33:53] [判断] 当前没有相关课程状态
[2025-11-30 16:33:54] [判断] 当前没有相关课程状态
[2025-11-30 16:33:55] [判断] 当前没有相关课程状态
[2025-11-30 16:33:56] [重要] 鼠标控制功能停止
[2025-11-30 16:33:56] [状态] 大型行为状态更新为: 未启动
[2025-11-30 16:33:56] [状态] 小行为状态更新为: 等待中
[2025-11-30 16:33:56] [重要] 鼠标控制功能停止
[2025-11-30 16:34:04] [状态] 大型行为状态更新为: 准备中
[2025-11-30 16:34:04] [状态] 小行为状态更新为: 初始化
[2025-11-30 16:34:04] [重要] 鼠标控制功能启动
[2025-11-30 16:34:04] [重要] 鼠标控制功能启动
[2025-11-30 16:34:04] [判断] 当前没有相关课程状态
[2025-11-30 16:34:04] [状态] 大型行为状态更新为: 等待中
[2025-11-30 16:34:04] [状态] 小行为状态更新为: 今日无课程
[2025-11-30 16:34:05] [判断] 当前没有相关课程状态
[2025-11-30 16:34:06] [判断] 当前没有相关课程状态
[2025-11-30 16:34:07] [判断] 当前没有相关课程状态
[2025-11-30 16:34:08] [判断] 当前没有相关课程状态
[2025-11-30 16:34:09] [判断] 当前没有相关课程状态
[2025-11-30 16:34:10] [重要] 鼠标控制功能停止
[2025-11-30 16:34:10] [状态] 大型行为状态更新为: 未启动
[2025-11-30 16:34:10] [状态] 小行为状态更新为: 等待中
[2025-11-30 16:34:10] [重要] 鼠标控制功能停止
[2025-11-30 16:34:15] [重要] 程序退出
[2025-11-30 16:36:29] [重要] 程序退出
[2025-11-30 16:37:37] [状态] 大型行为状态更新为: 准备中
[2025-11-30 16:37:37] [状态] 小行为状态更新为: 初始化
[2025-11-30 16:37:37] [重要] 鼠标控制功能启动
[2025-11-30 16:37:37] [重要] 鼠标控制功能启动
[2025-11-30 16:37:37] [判断] 当前处于课程切换时段: 最后一节课结束于00:00，下一节课Testing001开始于16:38
[2025-11-30 16:37:37] [判断] 已成功切换到课程菜单界面
[2025-11-30 16:37:37] [操作] 准备进入下一节课
[2025-11-30 16:37:37] [状态] 大型行为状态更新为: 课程开始前
[2025-11-30 16:37:37] [状态] 小行为状态更新为: 进入课程界面
[2025-11-30 16:37:37] [判断] 当前界面: course_menu
[2025-11-30 16:37:37] [操作] 在屏幕上找到图片: Testing001.png，匹配度: 1.00，位置: (965, 679)
[2025-11-30 16:37:37] [操作] 移动鼠标: 从(250, 1001)到(965, 679)
[2025-11-30 16:37:38] [操作] 执行点击Testing001课程图标，位置: (965, 679)
[2025-11-30 16:37:39] [判断] 当前处于课程切换时段: 最后一节课结束于00:00，下一节课Testing001开始于16:38
[2025-11-30 16:37:39] [判断] 已成功切换到课程菜单界面
[2025-11-30 16:37:39] [操作] 准备进入下一节课
[2025-11-30 16:37:39] [判断] 当前界面: course_menu
[2025-11-30 16:37:39] [判断] 未找到匹配的图片: Testing001.png，最高匹配度: 0.32
[2025-11-30 16:37:39] [错误] 未在屏幕上找到Testing001课程图标
[2025-11-30 16:37:40] [判断] 当前处于课程切换时段: 最后一节课结束于00:00，下一节课Testing001开始于16:38
[2025-11-30 16:37:40] [状态] 大型行为状态更新为: 课程切换时
[2025-11-30 16:37:40] [状态] 小行为状态更新为: 返回行为
[2025-11-30 16:37:40] [操作] 在屏幕上找到 1 个匹配的图片: return.PNG
[2025-11-30 16:37:40] [操作] 移动鼠标: 从(965, 679)到(930, 103)
[2025-11-30 16:37:41] [操作] 执行点击最左侧的return按钮返回，位置: (930, 103)
[2025-11-30 16:37:42] [判断] 当前处于课程切换时段: 最后一节课结束于00:00，下一节课Testing001开始于16:38
[2025-11-30 16:37:42] [判断] 未找到匹配的图片: return.PNG
[2025-11-30 16:37:42] [错误] 未在屏幕上找到return按钮
[2025-11-30 16:37:43] [判断] 当前处于课程切换时段: 最后一节课结束于00:00，下一节课Testing001开始于16:38
[2025-11-30 16:37:43] [判断] 已成功切换到课程菜单界面
[2025-11-30 16:37:43] [操作] 准备进入下一节课
[2025-11-30 16:37:43] [状态] 大型行为状态更新为: 课程开始前
[2025-11-30 16:37:43] [状态] 小行为状态更新为: 进入课程界面
[2025-11-30 16:37:43] [判断] 当前界面: course_menu
[2025-11-30 16:37:43] [操作] 在屏幕上找到图片: Testing001.png，匹配度: 1.00，位置: (965, 679)
[2025-11-30 16:37:43] [操作] 移动鼠标: 从(930, 103)到(965, 679)
[2025-11-30 16:37:44] [操作] 执行点击Testing001课程图标，位置: (965, 679)
[2025-11-30 16:37:45] [判断] 当前处于课程切换时段: 最后一节课结束于00:00，下一节课Testing001开始于16:38
[2025-11-30 16:37:45] [判断] 已成功切换到课程菜单界面
[2025-11-30 16:37:45] [操作] 准备进入下一节课
[2025-11-30 16:37:45] [判断] 当前界面: course_menu
[2025-11-30 16:37:45] [判断] 未找到匹配的图片: Testing001.png，最高匹配度: 0.32
[2025-11-30 16:37:45] [错误] 未在屏幕上找到Testing001课程图标
[2025-11-30 16:37:46] [判断] 当前处于课程切换时段: 最后一节课结束于00:00，下一节课Testing001开始于16:38
[2025-11-30 16:37:46] [状态] 大型行为状态更新为: 课程切换时
[2025-11-30 16:37:46] [状态] 小行为状态更新为: 返回行为
[2025-11-30 16:37:46] [操作] 在屏幕上找到 1 个匹配的图片: return.PNG
[2025-11-30 16:37:46] [操作] 移动鼠标: 从(965, 679)到(930, 103)
[2025-11-30 16:37:47] [操作] 执行点击最左侧的return按钮返回，位置: (930, 103)
[2025-11-30 16:37:48] [判断] 当前处于课程切换时段: 最后一节课结束于00:00，下一节课Testing001开始于16:38
[2025-11-30 16:37:48] [判断] 未找到匹配的图片: return.PNG
[2025-11-30 16:37:48] [错误] 未在屏幕上找到return按钮
[2025-11-30 16:37:49] [判断] 当前处于课程切换时段: 最后一节课结束于00:00，下一节课Testing001开始于16:38
[2025-11-30 16:37:49] [判断] 已成功切换到课程菜单界面
[2025-11-30 16:37:49] [操作] 准备进入下一节课
[2025-11-30 16:37:49] [状态] 大型行为状态更新为: 课程开始前
[2025-11-30 16:37:49] [状态] 小行为状态更新为: 进入课程界面
[2025-11-30 16:37:49] [判断] 当前界面: course_menu
[2025-11-30 16:37:49] [操作] 在屏幕上找到图片: Testing001.png，匹配度: 1.00，位置: (965, 679)
[2025-11-30 16:37:49] [操作] 移动鼠标: 从(930, 103)到(965, 679)
[2025-11-30 16:37:50] [操作] 执行点击Testing001课程图标，位置: (965, 679)
[2025-11-30 16:37:51] [判断] 当前处于课程切换时段: 最后一节课结束于00:00，下一节课Testing001开始于16:38
[2025-11-30 16:37:51] [判断] 已成功切换到课程菜单界面
[2025-11-30 16:37:51] [操作] 准备进入下一节课
[2025-11-30 16:37:51] [判断] 当前界面: course_menu
[2025-11-30 16:37:51] [判断] 未找到匹配的图片: Testing001.png，最高匹配度: 0.32
[2025-11-30 16:37:51] [错误] 未在屏幕上找到Testing001课程图标
[2025-11-30 16:37:52] [判断] 当前处于课程切换时段: 最后一节课结束于00:00，下一节课Testing001开始于16:38
[2025-11-30 16:37:52] [状态] 大型行为状态更新为: 课程切换时
[2025-11-30 16:37:52] [状态] 小行为状态更新为: 返回行为
[2025-11-30 16:37:52] [操作] 在屏幕上找到 1 个匹配的图片: return.PNG
[2025-11-30 16:37:52] [操作] 移动鼠标: 从(809, 229)到(930, 103)
[2025-11-30 16:37:53] [操作] 执行点击最左侧的return按钮返回，位置: (930, 103)
[2025-11-30 16:37:54] [判断] 当前处于课程切换时段: 最后一节课结束于00:00，下一节课Testing001开始于16:38
[2025-11-30 16:37:54] [判断] 未找到匹配的图片: return.PNG
[2025-11-30 16:37:54] [错误] 未在屏幕上找到return按钮
[2025-11-30 16:37:55] [重要] 鼠标控制功能停止
[2025-11-30 16:37:55] [状态] 大型行为状态更新为: 未启动
[2025-11-30 16:37:55] [状态] 小行为状态更新为: 等待中
[2025-11-30 16:37:55] [重要] 鼠标控制功能停止
[2025-11-30 16:38:16] [状态] 大型行为状态更新为: 准备中
[2025-11-30 16:38:16] [状态] 小行为状态更新为: 初始化
[2025-11-30 16:38:16] [重要] 鼠标控制功能启动
[2025-11-30 16:38:16] [重要] 鼠标控制功能启动
[2025-11-30 16:38:16] [判断] 当前课程: Testing001，进行中
[2025-11-30 16:38:16] [状态] 大型行为状态更新为: 课程进行中
[2025-11-30 16:38:16] [状态] 小行为状态更新为: 等待中
[2025-11-30 16:38:17] [判断] 当前课程: Testing001，进行中
[2025-11-30 16:38:18] [判断] 当前课程: Testing001，进行中
[2025-11-30 16:38:19] [判断] 当前课程: Testing001，进行中
[2025-11-30 16:38:20] [判断] 当前课程: Testing001，进行中
[2025-11-30 16:38:21] [判断] 当前课程: Testing001，进行中
[2025-11-30 16:38:22] [判断] 当前课程: Testing001，进行中
[2025-11-30 16:38:23] [判断] 当前课程: Testing001，进行中
[2025-11-30 16:38:24] [判断] 当前课程: Testing001，进行中
[2025-11-30 16:38:25] [判断] 当前课程: Testing001，进行中
[2025-11-30 16:38:26] [判断] 当前课程: Testing001，进行中
[2025-11-30 16:38:27] [判断] 当前课程: Testing001，进行中
[2025-11-30 16:38:27] [状态] 小行为状态更新为: 进入答题行为
[2025-11-30 16:38:27] [判断] 当前界面: course_starts
[2025-11-30 16:38:27] [错误] 未找到join按钮图片
[2025-11-30 16:38:28] [判断] 当前课程: Testing001，进行中
[2025-11-30 16:38:28] [判断] 当前界面: course_starts
[2025-11-30 16:38:28] [错误] 未找到join按钮图片
[2025-11-30 16:38:29] [判断] 当前课程: Testing001，进行中
[2025-11-30 16:38:29] [判断] 当前界面: course_starts
[2025-11-30 16:38:29] [错误] 未找到join按钮图片
[2025-11-30 16:38:30] [判断] 当前课程: Testing001，进行中
[2025-11-30 16:38:30] [判断] 当前界面: course_starts
[2025-11-30 16:38:30] [错误] 未找到join按钮图片
[2025-11-30 16:38:31] [判断] 当前课程: Testing001，进行中
[2025-11-30 16:38:31] [判断] 当前界面: course_starts
[2025-11-30 16:38:31] [错误] 未找到join按钮图片
[2025-11-30 16:38:32] [判断] 当前课程: Testing001，进行中
[2025-11-30 16:38:32] [判断] 当前界面: course_starts
[2025-11-30 16:38:32] [错误] 未找到join按钮图片
[2025-11-30 16:38:33] [判断] 当前课程: Testing001，进行中
[2025-11-30 16:38:33] [判断] 当前界面: course_starts
[2025-11-30 16:38:33] [错误] 未找到join按钮图片
[2025-11-30 16:38:34] [判断] 当前课程: Testing001，进行中
[2025-11-30 16:38:34] [判断] 当前界面: course_starts
[2025-11-30 16:38:34] [错误] 未找到join按钮图片
[2025-11-30 16:38:35] [判断] 当前课程: Testing001，进行中
[2025-11-30 16:38:35] [判断] 当前界面: course_starts
[2025-11-30 16:38:35] [错误] 未找到join按钮图片
[2025-11-30 16:38:36] [判断] 当前课程: Testing001，进行中
[2025-11-30 16:38:36] [判断] 当前界面: course_starts
[2025-11-30 16:38:36] [错误] 未找到join按钮图片
[2025-11-30 16:38:37] [判断] 当前课程: Testing001，进行中
[2025-11-30 16:38:37] [判断] 当前界面: course_starts
[2025-11-30 16:38:37] [错误] 未找到join按钮图片
[2025-11-30 16:38:38] [判断] 当前课程: Testing001，进行中
[2025-11-30 16:38:38] [判断] 当前界面: course_starts
[2025-11-30 16:38:38] [错误] 未找到join按钮图片
[2025-11-30 16:38:39] [判断] 当前课程: Testing001，进行中
[2025-11-30 16:38:39] [判断] 当前界面: course_starts
[2025-11-30 16:38:39] [错误] 未找到join按钮图片
[2025-11-30 16:38:40] [重要] 鼠标控制功能停止
[2025-11-30 16:38:40] [状态] 大型行为状态更新为: 未启动
[2025-11-30 16:38:40] [状态] 小行为状态更新为: 等待中
[2025-11-30 16:38:40] [重要] 鼠标控制功能停止
[2025-11-30 16:38:50] [状态] 大型行为状态更新为: 准备中
[2025-11-30 16:38:50] [状态] 小行为状态更新为: 初始化
[2025-11-30 16:38:50] [重要] 鼠标控制功能启动
[2025-11-30 16:38:50] [重要] 鼠标控制功能启动
[2025-11-30 16:38:50] [判断] 当前课程: Testing001，进行中
[2025-11-30 16:38:50] [状态] 大型行为状态更新为: 课程进行中
[2025-11-30 16:38:50] [状态] 小行为状态更新为: 等待中
[2025-11-30 16:38:51] [判断] 当前课程: Testing001，进行中
[2025-11-30 16:38:52] [判断] 当前课程: Testing001，进行中
[2025-11-30 16:38:53] [判断] 当前课程: Testing001，进行中
[2025-11-30 16:38:54] [判断] 当前课程: Testing001，进行中
[2025-11-30 16:38:55] [判断] 当前课程: Testing001，进行中
[2025-11-30 16:38:56] [判断] 当前课程: Testing001，进行中
[2025-11-30 16:38:57] [判断] 当前课程: Testing001，进行中
[2025-11-30 16:38:58] [判断] 当前课程: Testing001，进行中
[2025-11-30 16:38:59] [判断] 当前课程: Testing001，进行中
[2025-11-30 16:39:00] [判断] 当前课程: Testing001，进行中
[2025-11-30 16:39:00] [状态] 小行为状态更新为: 进入答题行为
[2025-11-30 16:39:00] [判断] 当前界面: course_starts
[2025-11-30 16:39:00] [错误] 未找到join按钮图片
[2025-11-30 16:39:01] [判断] 当前课程: Testing001，进行中
[2025-11-30 16:39:01] [判断] 当前界面: course_starts
[2025-11-30 16:39:01] [错误] 未找到join按钮图片
[2025-11-30 16:39:02] [判断] 当前课程: Testing001，进行中
[2025-11-30 16:39:02] [判断] 当前界面: course_starts
[2025-11-30 16:39:02] [错误] 未找到join按钮图片
[2025-11-30 16:39:03] [判断] 当前课程: Testing001，进行中
[2025-11-30 16:39:03] [判断] 当前界面: course_starts
[2025-11-30 16:39:03] [错误] 未找到join按钮图片
[2025-11-30 16:39:04] [判断] 当前课程: Testing001，进行中
[2025-11-30 16:39:04] [判断] 当前界面: course_starts
[2025-11-30 16:39:04] [错误] 未找到join按钮图片
[2025-11-30 16:39:05] [判断] 当前课程: Testing001，进行中
[2025-11-30 16:39:05] [判断] 当前界面: course_starts
[2025-11-30 16:39:05] [错误] 未找到join按钮图片
[2025-11-30 16:39:06] [判断] 当前课程: Testing001，进行中
[2025-11-30 16:39:06] [判断] 当前界面: course_starts
[2025-11-30 16:39:06] [错误] 未找到join按钮图片
[2025-11-30 16:39:07] [判断] 当前课程: Testing001，进行中
[2025-11-30 16:39:07] [判断] 当前界面: course_starts
[2025-11-30 16:39:07] [错误] 未找到join按钮图片
[2025-11-30 16:39:08] [判断] 当前课程: Testing001，进行中
[2025-11-30 16:39:08] [状态] 小行为状态更新为: 等待中
[2025-11-30 16:39:09] [判断] 当前课程: Testing001，进行中
[2025-11-30 16:39:10] [判断] 当前课程: Testing001，进行中
[2025-11-30 16:39:11] [判断] 当前课程: Testing001，进行中
[2025-11-30 16:39:12] [判断] 当前课程: Testing001，进行中
[2025-11-30 16:39:13] [判断] 当前课程: Testing001，进行中
[2025-11-30 16:39:14] [判断] 当前课程: Testing001，进行中
[2025-11-30 16:39:15] [判断] 当前课程: Testing001，进行中
[2025-11-30 16:39:16] [判断] 当前课程: Testing001，进行中
[2025-11-30 16:39:17] [判断] 当前课程: Testing001，进行中
[2025-11-30 16:39:18] [判断] 当前课程: Testing001，进行中
[2025-11-30 16:39:19] [判断] 当前课程: Testing001，进行中
[2025-11-30 16:39:20] [判断] 当前课程: Testing001，进行中
[2025-11-30 16:39:21] [判断] 当前课程: Testing001，进行中
[2025-11-30 16:39:22] [判断] 当前课程: Testing001，进行中
[2025-11-30 16:39:23] [判断] 当前课程: Testing001，进行中
[2025-11-30 16:39:24] [判断] 当前课程: Testing001，进行中
[2025-11-30 16:39:25] [判断] 当前课程: Testing001，进行中
[2025-11-30 16:39:26] [判断] 当前课程: Testing001，进行中
[2025-11-30 16:39:27] [判断] 当前课程: Testing001，进行中
[2025-11-30 16:39:28] [判断] 当前课程: Testing001，进行中
[2025-11-30 16:39:29] [判断] 当前课程: Testing001，进行中
[2025-11-30 16:39:30] [判断] 当前课程: Testing001，进行中
[2025-11-30 16:39:31] [判断] 当前课程: Testing001，进行中
[2025-11-30 16:39:32] [判断] 当前课程: Testing001，进行中
[2025-11-30 16:39:34] [判断] 当前课程: Testing001，进行中
[2025-11-30 16:39:35] [判断] 当前课程: Testing001，进行中
[2025-11-30 16:39:36] [判断] 当前课程: Testing001，进行中
[2025-11-30 16:39:37] [判断] 当前课程: Testing001，进行中
[2025-11-30 16:39:38] [判断] 当前课程: Testing001，进行中
[2025-11-30 16:39:39] [判断] 当前课程: Testing001，进行中
[2025-11-30 16:39:40] [判断] 当前课程: Testing001，进行中
[2025-11-30 16:39:41] [判断] 当前课程: Testing001，进行中
[2025-11-30 16:39:42] [判断] 当前课程: Testing001，进行中
[2025-11-30 16:39:43] [判断] 当前课程: Testing001，进行中
[2025-11-30 16:39:44] [判断] 当前课程: Testing001，进行中
[2025-11-30 16:39:45] [判断] 当前课程: Testing001，进行中
[2025-11-30 16:39:46] [判断] 当前课程: Testing001，进行中
[2025-11-30 16:39:47] [判断] 当前课程: Testing001，进行中
[2025-11-30 16:39:48] [判断] 当前课程: Testing001，进行中
[2025-11-30 16:39:49] [判断] 当前课程: Testing001，进行中
[2025-11-30 16:39:49] [状态] 小行为状态更新为: 答题行为
[2025-11-30 16:39:49] [判断] 当前界面: poll_starts
[2025-11-30 16:39:49] [操作] 在屏幕上找到图片: a.PNG，匹配度: 1.00，位置: (992, 677)
[2025-11-30 16:39:49] [操作] 移动鼠标: 从(398, 13)到(992, 677)
[2025-11-30 16:39:49] [操作] 执行点击A选项答题，位置: (992, 677)
[2025-11-30 16:39:50] [判断] 当前课程: Testing001，进行中
[2025-11-30 16:39:50] [判断] 当前界面: poll_starts
[2025-11-30 16:39:51] [操作] 在屏幕上找到图片: a.PNG，匹配度: 0.92，位置: (1135, 677)
[2025-11-30 16:39:51] [操作] 移动鼠标: 从(992, 677)到(1135, 677)
[2025-11-30 16:39:51] [操作] 执行点击A选项答题，位置: (1135, 677)
[2025-11-30 16:39:52] [判断] 当前课程: Testing001，进行中
[2025-11-30 16:39:52] [判断] 当前界面: poll_starts
[2025-11-30 16:39:52] [操作] 在屏幕上找到图片: a.PNG，匹配度: 1.00，位置: (992, 677)
[2025-11-30 16:39:52] [操作] 移动鼠标: 从(1135, 677)到(992, 677)
[2025-11-30 16:39:53] [操作] 执行点击A选项答题，位置: (992, 677)
[2025-11-30 16:39:54] [判断] 当前课程: Testing001，进行中
[2025-11-30 16:39:54] [状态] 小行为状态更新为: 等待中
[2025-11-30 16:39:55] [判断] 当前课程: Testing001，进行中
[2025-11-30 16:39:55] [状态] 小行为状态更新为: 答题行为
[2025-11-30 16:39:55] [判断] 当前界面: poll_starts
[2025-11-30 16:39:55] [操作] 在屏幕上找到图片: a.PNG，匹配度: 0.92，位置: (1135, 677)
[2025-11-30 16:39:55] [操作] 移动鼠标: 从(992, 677)到(1135, 677)
[2025-11-30 16:39:56] [操作] 执行点击A选项答题，位置: (1135, 677)
[2025-11-30 16:39:57] [判断] 当前课程: Testing001，进行中
[2025-11-30 16:39:57] [状态] 小行为状态更新为: 等待中
[2025-11-30 16:39:58] [判断] 当前课程: Testing001，进行中
[2025-11-30 16:39:59] [判断] 当前课程: Testing001，进行中
[2025-11-30 16:40:00] [判断] 当前课程: Testing001，进行中
[2025-11-30 16:40:01] [判断] 当前课程: Testing001，进行中
[2025-11-30 16:40:02] [判断] 当前课程: Testing001，进行中
[2025-11-30 16:40:03] [判断] 当前课程: Testing001，进行中
[2025-11-30 16:40:04] [判断] 当前课程: Testing001，进行中
[2025-11-30 16:40:05] [判断] 当前课程: Testing001，进行中
[2025-11-30 16:40:06] [判断] 当前课程: Testing001，进行中
[2025-11-30 16:40:07] [判断] 当前课程: Testing001，进行中
[2025-11-30 16:40:08] [判断] 当前课程: Testing001，进行中
[2025-11-30 16:40:09] [判断] 当前课程: Testing001，进行中
[2025-11-30 16:40:10] [判断] 当前课程: Testing001，进行中
[2025-11-30 16:40:11] [判断] 当前课程: Testing001，进行中
[2025-11-30 16:40:12] [判断] 当前课程: Testing001，进行中
[2025-11-30 16:40:13] [判断] 当前课程: Testing001，进行中
[2025-11-30 16:40:14] [判断] 当前课程: Testing001，进行中
[2025-11-30 16:40:15] [判断] 当前课程: Testing001，进行中
[2025-11-30 16:40:16] [判断] 当前课程: Testing001，进行中
[2025-11-30 16:40:17] [判断] 当前课程: Testing001，进行中
[2025-11-30 16:40:18] [判断] 当前课程: Testing001，进行中
[2025-11-30 16:40:19] [判断] 当前课程: Testing001，进行中
[2025-11-30 16:40:20] [判断] 当前课程: Testing001，进行中
[2025-11-30 16:40:21] [判断] 当前课程: Testing001，进行中
[2025-11-30 16:40:22] [判断] 当前课程: Testing001，进行中
[2025-11-30 16:40:22] [状态] 小行为状态更新为: 答题行为
[2025-11-30 16:40:22] [判断] 当前界面: poll_starts
[2025-11-30 16:40:22] [操作] 在屏幕上找到图片: a.PNG，匹配度: 1.00，位置: (992, 677)
[2025-11-30 16:40:22] [操作] 移动鼠标: 从(393, 13)到(992, 677)
[2025-11-30 16:40:22] [操作] 执行点击A选项答题，位置: (992, 677)
[2025-11-30 16:40:23] [判断] 当前课程: Testing001，进行中
[2025-11-30 16:40:23] [状态] 小行为状态更新为: 等待中
[2025-11-30 16:40:25] [判断] 当前课程: Testing001，进行中
[2025-11-30 16:40:26] [判断] 当前课程: Testing001，进行中
[2025-11-30 16:40:27] [判断] 当前课程: Testing001，进行中
[2025-11-30 16:40:28] [判断] 当前课程: Testing001，进行中
[2025-11-30 16:40:29] [判断] 当前课程: Testing001，进行中
[2025-11-30 16:40:30] [判断] 当前课程: Testing001，进行中
[2025-11-30 16:40:31] [判断] 当前课程: Testing001，进行中
[2025-11-30 16:40:32] [判断] 当前课程: Testing001，进行中
[2025-11-30 16:40:33] [判断] 当前课程: Testing001，进行中
[2025-11-30 16:40:34] [判断] 当前课程: Testing001，进行中
[2025-11-30 16:40:35] [判断] 当前课程: Testing001，进行中
[2025-11-30 16:40:36] [判断] 当前课程: Testing001，进行中
[2025-11-30 16:40:37] [判断] 当前课程: Testing001，进行中
[2025-11-30 16:40:38] [判断] 当前课程: Testing001，进行中
[2025-11-30 16:40:39] [判断] 当前课程: Testing001，进行中
[2025-11-30 16:40:40] [判断] 当前课程: Testing001，进行中
[2025-11-30 16:40:41] [判断] 当前课程: Testing001，进行中
[2025-11-30 16:40:42] [判断] 当前课程: Testing001，进行中
[2025-11-30 16:40:43] [判断] 当前课程: Testing001，进行中
[2025-11-30 16:40:44] [判断] 当前课程: Testing001，进行中
[2025-11-30 16:40:45] [判断] 当前课程: Testing001，进行中
[2025-11-30 16:40:46] [判断] 当前课程: Testing001，进行中
[2025-11-30 16:40:47] [判断] 当前课程: Testing001，进行中
[2025-11-30 16:40:48] [判断] 当前课程: Testing001，进行中
[2025-11-30 16:40:49] [判断] 当前课程: Testing001，进行中
[2025-11-30 16:40:50] [判断] 当前课程: Testing001，进行中
[2025-11-30 16:40:50] [状态] 小行为状态更新为: 答题行为
[2025-11-30 16:40:50] [判断] 当前界面: poll_starts
[2025-11-30 16:40:50] [操作] 在屏幕上找到图片: a.PNG，匹配度: 1.00，位置: (992, 677)
[2025-11-30 16:40:50] [操作] 移动鼠标: 从(433, 0)到(992, 677)
[2025-11-30 16:40:50] [操作] 执行点击A选项答题，位置: (992, 677)
[2025-11-30 16:40:51] [判断] 当前课程: Testing001，进行中
[2025-11-30 16:40:51] [判断] 当前界面: poll_starts
[2025-11-30 16:40:52] [操作] 在屏幕上找到图片: a.PNG，匹配度: 0.92，位置: (1135, 677)
[2025-11-30 16:40:52] [操作] 移动鼠标: 从(992, 677)到(1135, 677)
[2025-11-30 16:40:52] [操作] 执行点击A选项答题，位置: (1135, 677)
[2025-11-30 16:40:53] [判断] 当前课程: Testing001，进行中
[2025-11-30 16:40:53] [状态] 小行为状态更新为: 等待中
[2025-11-30 16:40:54] [判断] 当前课程: Testing001，进行中
[2025-11-30 16:40:55] [判断] 当前课程: Testing001，进行中
[2025-11-30 16:40:56] [判断] 当前课程: Testing001，进行中
[2025-11-30 16:40:57] [判断] 当前课程: Testing001，进行中
[2025-11-30 16:40:58] [判断] 当前课程: Testing001，进行中
[2025-11-30 16:40:59] [判断] 当前课程: Testing001，进行中
[2025-11-30 16:41:00] [判断] 当前课程: Testing001，进行中
[2025-11-30 16:41:01] [判断] 当前课程: Testing001，进行中
[2025-11-30 16:41:02] [判断] 当前课程: Testing001，进行中
[2025-11-30 16:41:03] [判断] 当前课程: Testing001，进行中
[2025-11-30 16:41:04] [判断] 当前课程: Testing001，进行中
[2025-11-30 16:41:05] [判断] 当前课程: Testing001，进行中
[2025-11-30 16:41:06] [判断] 当前课程: Testing001，进行中
[2025-11-30 16:41:07] [判断] 当前课程: Testing001，进行中
[2025-11-30 16:41:08] [判断] 当前课程: Testing001，进行中
[2025-11-30 16:41:09] [判断] 当前课程: Testing001，进行中
[2025-11-30 16:41:10] [判断] 当前课程: Testing001，进行中
[2025-11-30 16:41:11] [判断] 当前课程: Testing001，进行中
[2025-11-30 16:41:12] [判断] 当前课程: Testing001，进行中
[2025-11-30 16:41:13] [判断] 当前课程: Testing001，进行中
[2025-11-30 16:41:14] [判断] 当前课程: Testing001，进行中
[2025-11-30 16:41:15] [判断] 当前课程: Testing001，进行中
[2025-11-30 16:41:16] [判断] 当前课程: Testing001，进行中
[2025-11-30 16:41:17] [判断] 当前课程: Testing001，进行中
[2025-11-30 16:41:18] [判断] 当前课程: Testing001，进行中
[2025-11-30 16:41:19] [判断] 当前课程: Testing001，进行中
[2025-11-30 16:41:20] [判断] 当前课程: Testing001，进行中
[2025-11-30 16:41:21] [判断] 当前课程: Testing001，进行中
[2025-11-30 16:41:22] [判断] 当前课程: Testing001，进行中
[2025-11-30 16:41:23] [判断] 当前课程: Testing001，进行中
[2025-11-30 16:41:24] [判断] 当前课程: Testing001，进行中
[2025-11-30 16:41:25] [判断] 当前课程: Testing001，进行中
[2025-11-30 16:41:26] [判断] 当前课程: Testing001，进行中
[2025-11-30 16:41:27] [判断] 当前课程: Testing001，进行中
[2025-11-30 16:41:28] [判断] 当前课程: Testing001，进行中
[2025-11-30 16:41:29] [判断] 当前课程: Testing001，进行中
[2025-11-30 16:41:30] [判断] 当前课程: Testing001，进行中
[2025-11-30 16:41:31] [判断] 当前课程: Testing001，进行中
[2025-11-30 16:41:32] [判断] 当前课程: Testing001，进行中
[2025-11-30 16:41:33] [判断] 当前课程: Testing001，进行中
[2025-11-30 16:41:34] [判断] 当前课程: Testing001，进行中
[2025-11-30 16:41:35] [判断] 当前课程: Testing001，进行中
[2025-11-30 16:41:36] [判断] 当前课程: Testing001，进行中
[2025-11-30 16:41:37] [判断] 当前课程: Testing001，进行中
[2025-11-30 16:41:38] [判断] 当前课程: Testing001，进行中
[2025-11-30 16:41:39] [判断] 当前课程: Testing001，进行中
[2025-11-30 16:41:40] [判断] 当前课程: Testing001，进行中
[2025-11-30 16:41:41] [判断] 当前课程: Testing001，进行中
[2025-11-30 16:41:42] [判断] 当前课程: Testing001，进行中
[2025-11-30 16:41:43] [判断] 当前课程: Testing001，进行中
[2025-11-30 16:41:44] [判断] 当前课程: Testing001，进行中
[2025-11-30 16:41:45] [重要] 鼠标控制功能停止
[2025-11-30 16:41:45] [状态] 大型行为状态更新为: 未启动
[2025-11-30 16:41:45] [重要] 鼠标控制功能停止
[2025-11-30 16:42:14] [状态] 大型行为状态更新为: 准备中
[2025-11-30 16:42:14] [状态] 小行为状态更新为: 初始化
[2025-11-30 16:42:14] [重要] 鼠标控制功能启动
[2025-11-30 16:42:14] [重要] 鼠标控制功能启动
[2025-11-30 16:42:14] [判断] 当前课程: Testing001，进行中
[2025-11-30 16:42:14] [状态] 大型行为状态更新为: 课程进行中
[2025-11-30 16:42:14] [状态] 小行为状态更新为: 进入答题行为
[2025-11-30 16:42:14] [判断] 当前界面: course_starts
[2025-11-30 16:42:14] [错误] 未找到join按钮图片
[2025-11-30 16:42:15] [判断] 当前课程: Testing001，进行中
[2025-11-30 16:42:15] [判断] 当前界面: course_starts
[2025-11-30 16:42:15] [错误] 未找到join按钮图片
[2025-11-30 16:42:16] [判断] 当前课程: Testing001，进行中
[2025-11-30 16:42:16] [判断] 当前界面: course_starts
[2025-11-30 16:42:16] [错误] 未找到join按钮图片
[2025-11-30 16:42:17] [判断] 当前课程: Testing001，进行中
[2025-11-30 16:42:17] [判断] 当前界面: course_starts
[2025-11-30 16:42:17] [错误] 未找到join按钮图片
[2025-11-30 16:42:18] [判断] 当前课程: Testing001，进行中
[2025-11-30 16:42:18] [判断] 当前界面: course_starts
[2025-11-30 16:42:18] [错误] 未找到join按钮图片
[2025-11-30 16:42:19] [判断] 当前课程: Testing001，进行中
[2025-11-30 16:42:19] [判断] 当前界面: course_starts
[2025-11-30 16:42:19] [错误] 未找到join按钮图片
[2025-11-30 16:42:20] [判断] 当前课程: Testing001，进行中
[2025-11-30 16:42:20] [判断] 当前界面: course_starts
[2025-11-30 16:42:20] [错误] 未找到join按钮图片
[2025-11-30 16:42:21] [判断] 当前课程: Testing001，进行中
[2025-11-30 16:42:21] [判断] 当前界面: course_starts
[2025-11-30 16:42:21] [错误] 未找到join按钮图片
[2025-11-30 16:42:22] [判断] 当前课程: Testing001，进行中
[2025-11-30 16:42:22] [判断] 当前界面: course_starts
[2025-11-30 16:42:22] [错误] 未找到join按钮图片
[2025-11-30 16:42:23] [判断] 当前课程: Testing001，进行中
[2025-11-30 16:42:23] [判断] 当前界面: course_starts
[2025-11-30 16:42:23] [错误] 未找到join按钮图片
[2025-11-30 16:42:24] [判断] 当前课程: Testing001，进行中
[2025-11-30 16:42:24] [判断] 当前界面: course_starts
[2025-11-30 16:42:24] [错误] 未找到join按钮图片
[2025-11-30 16:42:25] [判断] 当前课程: Testing001，进行中
[2025-11-30 16:42:25] [判断] 当前界面: course_starts
[2025-11-30 16:42:25] [错误] 未找到join按钮图片
[2025-11-30 16:42:26] [判断] 当前课程: Testing001，进行中
[2025-11-30 16:42:26] [判断] 当前界面: course_starts
[2025-11-30 16:42:26] [错误] 未找到join按钮图片
[2025-11-30 16:42:27] [判断] 当前课程: Testing001，进行中
[2025-11-30 16:42:27] [状态] 小行为状态更新为: 等待中
[2025-11-30 16:42:28] [判断] 当前课程: Testing001，进行中
[2025-11-30 16:42:29] [判断] 当前课程: Testing001，进行中
[2025-11-30 16:42:30] [判断] 当前课程: Testing001，进行中
[2025-11-30 16:42:31] [重要] 鼠标控制功能停止
[2025-11-30 16:42:31] [状态] 大型行为状态更新为: 未启动
[2025-11-30 16:42:31] [重要] 鼠标控制功能停止
[2025-11-30 16:42:41] [状态] 大型行为状态更新为: 准备中
[2025-11-30 16:42:41] [状态] 小行为状态更新为: 初始化
[2025-11-30 16:42:41] [重要] 鼠标控制功能启动
[2025-11-30 16:42:41] [重要] 鼠标控制功能启动
[2025-11-30 16:42:41] [判断] 当前课程: Testing001，进行中
[2025-11-30 16:42:41] [状态] 大型行为状态更新为: 课程进行中
[2025-11-30 16:42:41] [状态] 小行为状态更新为: 进入答题行为
[2025-11-30 16:42:41] [判断] 当前界面: course_starts
[2025-11-30 16:42:41] [错误] 未找到join按钮图片
[2025-11-30 16:42:42] [判断] 当前课程: Testing001，进行中
[2025-11-30 16:42:42] [判断] 当前界面: course_starts
[2025-11-30 16:42:42] [错误] 未找到join按钮图片
[2025-11-30 16:42:43] [判断] 当前课程: Testing001，进行中
[2025-11-30 16:42:43] [判断] 当前界面: course_starts
[2025-11-30 16:42:43] [错误] 未找到join按钮图片
[2025-11-30 16:42:44] [判断] 当前课程: Testing001，进行中
[2025-11-30 16:42:44] [判断] 当前界面: course_starts
[2025-11-30 16:42:44] [错误] 未找到join按钮图片
[2025-11-30 16:42:45] [判断] 当前课程: Testing001，进行中
[2025-11-30 16:42:45] [判断] 当前界面: course_starts
[2025-11-30 16:42:45] [错误] 未找到join按钮图片
[2025-11-30 16:42:46] [判断] 当前课程: Testing001，进行中
[2025-11-30 16:42:46] [判断] 当前界面: course_starts
[2025-11-30 16:42:46] [错误] 未找到join按钮图片
[2025-11-30 16:42:47] [判断] 当前课程: Testing001，进行中
[2025-11-30 16:42:47] [判断] 当前界面: course_starts
[2025-11-30 16:42:47] [错误] 未找到join按钮图片
[2025-11-30 16:42:48] [判断] 当前课程: Testing001，进行中
[2025-11-30 16:42:48] [判断] 当前界面: course_starts
[2025-11-30 16:42:48] [错误] 未找到join按钮图片
[2025-11-30 16:42:49] [判断] 当前课程: Testing001，进行中
[2025-11-30 16:42:49] [判断] 当前界面: course_starts
[2025-11-30 16:42:49] [错误] 未找到join按钮图片
[2025-11-30 16:42:50] [判断] 当前课程: Testing001，进行中
[2025-11-30 16:42:50] [判断] 当前界面: course_starts
[2025-11-30 16:42:50] [错误] 未找到join按钮图片
[2025-11-30 16:42:51] [判断] 当前课程: Testing001，进行中
[2025-11-30 16:42:51] [判断] 当前界面: course_starts
[2025-11-30 16:42:51] [错误] 未找到join按钮图片
[2025-11-30 16:42:52] [判断] 当前课程: Testing001，进行中
[2025-11-30 16:42:52] [判断] 当前界面: course_starts
[2025-11-30 16:42:52] [错误] 未找到join按钮图片
[2025-11-30 16:42:53] [判断] 当前课程: Testing001，进行中
[2025-11-30 16:42:53] [判断] 当前界面: course_starts
[2025-11-30 16:42:53] [错误] 未找到join按钮图片
[2025-11-30 16:42:54] [判断] 当前课程: Testing001，进行中
[2025-11-30 16:42:54] [判断] 当前界面: course_starts
[2025-11-30 16:42:54] [错误] 未找到join按钮图片
[2025-11-30 16:42:55] [判断] 当前课程: Testing001，进行中
[2025-11-30 16:42:55] [判断] 当前界面: course_starts
[2025-11-30 16:42:55] [错误] 未找到join按钮图片
[2025-11-30 16:42:56] [判断] 当前课程: Testing001，进行中
[2025-11-30 16:42:56] [判断] 当前界面: course_starts
[2025-11-30 16:42:56] [错误] 未找到join按钮图片
[2025-11-30 16:42:57] [判断] 当前课程: Testing001，进行中
[2025-11-30 16:42:57] [判断] 当前界面: course_starts
[2025-11-30 16:42:57] [错误] 未找到join按钮图片
[2025-11-30 16:42:58] [判断] 当前课程: Testing001，进行中
[2025-11-30 16:42:58] [判断] 当前界面: course_starts
[2025-11-30 16:42:58] [错误] 未找到join按钮图片
[2025-11-30 16:42:59] [判断] 当前课程: Testing001，进行中
[2025-11-30 16:42:59] [判断] 当前界面: course_starts
[2025-11-30 16:42:59] [错误] 未找到join按钮图片
[2025-11-30 16:43:00] [判断] 当前课程: Testing001，进行中
[2025-11-30 16:43:00] [判断] 当前界面: course_starts
[2025-11-30 16:43:00] [错误] 未找到join按钮图片
[2025-11-30 16:43:01] [判断] 当前课程: Testing001，进行中
[2025-11-30 16:43:01] [判断] 当前界面: course_starts
[2025-11-30 16:43:01] [错误] 未找到join按钮图片
[2025-11-30 16:43:02] [判断] 当前课程: Testing001，进行中
[2025-11-30 16:43:02] [判断] 当前界面: course_starts
[2025-11-30 16:43:02] [错误] 未找到join按钮图片
[2025-11-30 16:43:03] [判断] 当前课程: Testing001，进行中
[2025-11-30 16:43:03] [判断] 当前界面: course_starts
[2025-11-30 16:43:03] [错误] 未找到join按钮图片
[2025-11-30 16:43:04] [判断] 当前课程: Testing001，进行中
[2025-11-30 16:43:04] [判断] 当前界面: course_starts
[2025-11-30 16:43:04] [错误] 未找到join按钮图片
[2025-11-30 16:43:05] [判断] 当前课程: Testing001，进行中
[2025-11-30 16:43:05] [判断] 当前界面: course_starts
[2025-11-30 16:43:05] [错误] 未找到join按钮图片
[2025-11-30 16:43:06] [判断] 当前课程: Testing001，进行中
[2025-11-30 16:43:06] [判断] 当前界面: course_starts
[2025-11-30 16:43:06] [错误] 未找到join按钮图片
[2025-11-30 16:43:07] [判断] 当前课程: Testing001，进行中
[2025-11-30 16:43:07] [判断] 当前界面: course_starts
[2025-11-30 16:43:07] [错误] 未找到join按钮图片
[2025-11-30 16:43:08] [判断] 当前课程: Testing001，进行中
[2025-11-30 16:43:08] [判断] 当前界面: course_starts
[2025-11-30 16:43:08] [错误] 未找到join按钮图片
[2025-11-30 16:43:09] [判断] 当前课程: Testing001，进行中
[2025-11-30 16:43:09] [判断] 当前界面: course_starts
[2025-11-30 16:43:09] [错误] 未找到join按钮图片
[2025-11-30 16:43:10] [判断] 当前课程: Testing001，进行中
[2025-11-30 16:43:10] [判断] 当前界面: course_starts
[2025-11-30 16:43:10] [错误] 未找到join按钮图片
[2025-11-30 16:43:11] [判断] 当前课程: Testing001，进行中
[2025-11-30 16:43:11] [判断] 当前界面: course_starts
[2025-11-30 16:43:11] [错误] 未找到join按钮图片
[2025-11-30 16:43:12] [重要] 鼠标控制功能停止
[2025-11-30 16:43:12] [状态] 大型行为状态更新为: 未启动
[2025-11-30 16:43:12] [状态] 小行为状态更新为: 等待中
[2025-11-30 16:43:12] [重要] 鼠标控制功能停止
[2025-11-30 16:49:09] [重要] 程序退出
[2025-11-30 16:51:14] [重要] 程序退出
[2025-11-30 16:58:42] [操作] 启动屏幕检测
[2025-11-30 16:58:42] [状态] 大型行为状态更新为: 准备中
[2025-11-30 16:58:42] [状态] 小行为状态更新为: 初始化
[2025-11-30 16:58:42] [重要] 鼠标控制功能启动
[2025-11-30 16:58:42] [重要] 鼠标控制功能启动
[2025-11-30 16:58:42] [判断] 当前课程: Testing001，进行中
[2025-11-30 16:58:42] [状态] 大型行为状态更新为: 课程进行中
[2025-11-30 16:58:42] [状态] 小行为状态更新为: 等待中
[2025-11-30 16:58:43] [判断] 当前课程: Testing001，进行中
[2025-11-30 16:58:43] [判断] 当前界面为Course Menu，且当前有课程进行中: Testing001
[2025-11-30 16:58:43] [状态] 小行为状态更新为: 进入当前课程界面
[2025-11-30 16:58:44] [操作] 在屏幕上找到图片: Testing001.png，匹配度: 1.00，位置: (965, 679)
[2025-11-30 16:58:44] [操作] 移动鼠标: 从(170, 584)到(965, 679)
[2025-11-30 16:58:44] [操作] 执行点击Testing001课程图标，位置: (965, 679)
[2025-11-30 16:58:45] [判断] 当前课程: Testing001，进行中
[2025-11-30 16:58:45] [判断] 当前界面为Course Menu，且当前有课程进行中: Testing001
[2025-11-30 16:58:45] [判断] 未找到匹配的图片: Testing001.png，最高匹配度: 0.32
[2025-11-30 16:58:45] [错误] 未在屏幕上找到Testing001课程图标
[2025-11-30 16:58:46] [判断] 当前课程: Testing001，进行中
[2025-11-30 16:58:46] [判断] 当前界面为Course Menu，且当前有课程进行中: Testing001
[2025-11-30 16:58:47] [判断] 未找到匹配的图片: Testing001.png，最高匹配度: 0.32
[2025-11-30 16:58:47] [错误] 未在屏幕上找到Testing001课程图标
[2025-11-30 16:58:48] [判断] 当前课程: Testing001，进行中
[2025-11-30 16:58:48] [状态] 小行为状态更新为: 等待中
[2025-11-30 16:58:49] [判断] 当前课程: Testing001，进行中
[2025-11-30 16:58:50] [判断] 当前课程: Testing001，进行中
[2025-11-30 16:58:51] [判断] 当前课程: Testing001，进行中
[2025-11-30 16:58:51] [状态] 小行为状态更新为: 进入答题行为
[2025-11-30 16:58:51] [判断] 当前界面: course_starts
[2025-11-30 16:58:51] [错误] 未找到join按钮图片
[2025-11-30 16:58:52] [判断] 当前课程: Testing001，进行中
[2025-11-30 16:58:52] [判断] 当前界面: course_starts
[2025-11-30 16:58:52] [错误] 未找到join按钮图片
[2025-11-30 16:58:53] [判断] 当前课程: Testing001，进行中
[2025-11-30 16:58:53] [判断] 当前界面: course_starts
[2025-11-30 16:58:53] [错误] 未找到join按钮图片
[2025-11-30 16:58:54] [判断] 当前课程: Testing001，进行中
[2025-11-30 16:58:54] [判断] 当前界面: course_starts
[2025-11-30 16:58:54] [错误] 未找到join按钮图片
[2025-11-30 16:58:55] [判断] 当前课程: Testing001，进行中
[2025-11-30 16:58:55] [判断] 当前界面: course_starts
[2025-11-30 16:58:55] [错误] 未找到join按钮图片
[2025-11-30 16:58:56] [判断] 当前课程: Testing001，进行中
[2025-11-30 16:58:56] [判断] 当前界面: course_starts
[2025-11-30 16:58:56] [错误] 未找到join按钮图片
[2025-11-30 16:58:57] [判断] 当前课程: Testing001，进行中
[2025-11-30 16:58:57] [判断] 当前界面: course_starts
[2025-11-30 16:58:57] [错误] 未找到join按钮图片
[2025-11-30 16:58:58] [判断] 当前课程: Testing001，进行中
[2025-11-30 16:58:58] [判断] 当前界面: course_starts
[2025-11-30 16:58:58] [错误] 未找到join按钮图片
[2025-11-30 16:58:59] [判断] 当前课程: Testing001，进行中
[2025-11-30 16:58:59] [判断] 当前界面: course_starts
[2025-11-30 16:58:59] [错误] 未找到join按钮图片
[2025-11-30 16:59:00] [判断] 当前课程: Testing001，进行中
[2025-11-30 16:59:00] [判断] 当前界面: course_starts
[2025-11-30 16:59:00] [错误] 未找到join按钮图片
[2025-11-30 16:59:01] [判断] 当前课程: Testing001，进行中
[2025-11-30 16:59:01] [判断] 当前界面: course_starts
[2025-11-30 16:59:01] [错误] 未找到join按钮图片
[2025-11-30 16:59:02] [判断] 当前课程: Testing001，进行中
[2025-11-30 16:59:02] [判断] 当前界面为Course Menu，且当前有课程进行中: Testing001
[2025-11-30 16:59:02] [状态] 小行为状态更新为: 进入当前课程界面
[2025-11-30 16:59:02] [操作] 在屏幕上找到图片: Testing001.png，匹配度: 1.00，位置: (965, 679)
[2025-11-30 16:59:02] [操作] 移动鼠标: 从(938, 111)到(965, 679)
[2025-11-30 16:59:02] [操作] 执行点击Testing001课程图标，位置: (965, 679)
[2025-11-30 16:59:03] [判断] 当前课程: Testing001，进行中
[2025-11-30 16:59:03] [判断] 当前界面为Course Menu，且当前有课程进行中: Testing001
[2025-11-30 16:59:04] [判断] 未找到匹配的图片: Testing001.png，最高匹配度: 0.32
[2025-11-30 16:59:04] [错误] 未在屏幕上找到Testing001课程图标
[2025-11-30 16:59:05] [判断] 当前课程: Testing001，进行中
[2025-11-30 16:59:05] [判断] 当前界面为Course Menu，且当前有课程进行中: Testing001
[2025-11-30 16:59:05] [判断] 未找到匹配的图片: Testing001.png，最高匹配度: 0.32
[2025-11-30 16:59:05] [错误] 未在屏幕上找到Testing001课程图标
[2025-11-30 16:59:06] [判断] 当前课程: Testing001，进行中
[2025-11-30 16:59:06] [状态] 小行为状态更新为: 等待中
[2025-11-30 16:59:07] [判断] 当前课程: Testing001，进行中
[2025-11-30 16:59:08] [判断] 当前课程: Testing001，进行中
[2025-11-30 16:59:09] [判断] 当前课程: Testing001，进行中
[2025-11-30 16:59:09] [状态] 小行为状态更新为: 进入答题行为
[2025-11-30 16:59:09] [判断] 当前界面: course_starts
[2025-11-30 16:59:09] [错误] 未找到join按钮图片
[2025-11-30 16:59:10] [判断] 当前课程: Testing001，进行中
[2025-11-30 16:59:10] [判断] 当前界面: course_starts
[2025-11-30 16:59:10] [错误] 未找到join按钮图片
[2025-11-30 16:59:11] [判断] 当前课程: Testing001，进行中
[2025-11-30 16:59:11] [判断] 当前界面: course_starts
[2025-11-30 16:59:11] [错误] 未找到join按钮图片
[2025-11-30 16:59:12] [判断] 当前课程: Testing001，进行中
[2025-11-30 16:59:12] [判断] 当前界面: course_starts
[2025-11-30 16:59:12] [错误] 未找到join按钮图片
[2025-11-30 16:59:13] [判断] 当前课程: Testing001，进行中
[2025-11-30 16:59:13] [判断] 当前界面: course_starts
[2025-11-30 16:59:13] [错误] 未找到join按钮图片
[2025-11-30 16:59:14] [判断] 当前课程: Testing001，进行中
[2025-11-30 16:59:14] [判断] 当前界面: course_starts
[2025-11-30 16:59:14] [错误] 未找到join按钮图片
[2025-11-30 16:59:15] [判断] 当前课程: Testing001，进行中
[2025-11-30 16:59:15] [判断] 当前界面: course_starts
[2025-11-30 16:59:15] [错误] 未找到join按钮图片
[2025-11-30 16:59:16] [判断] 当前课程: Testing001，进行中
[2025-11-30 16:59:16] [判断] 当前界面: course_starts
[2025-11-30 16:59:16] [错误] 未找到join按钮图片
[2025-11-30 16:59:17] [判断] 当前课程: Testing001，进行中
[2025-11-30 16:59:17] [判断] 当前界面: course_starts
[2025-11-30 16:59:17] [错误] 未找到join按钮图片
[2025-11-30 16:59:18] [判断] 当前课程: Testing001，进行中
[2025-11-30 16:59:18] [判断] 当前界面: course_starts
[2025-11-30 16:59:18] [错误] 未找到join按钮图片
[2025-11-30 16:59:19] [判断] 当前课程: Testing001，进行中
[2025-11-30 16:59:19] [判断] 当前界面: course_starts
[2025-11-30 16:59:19] [错误] 未找到join按钮图片
[2025-11-30 16:59:20] [判断] 当前课程: Testing001，进行中
[2025-11-30 16:59:20] [判断] 当前界面: course_starts
[2025-11-30 16:59:20] [错误] 未找到join按钮图片
[2025-11-30 16:59:21] [判断] 当前课程: Testing001，进行中
[2025-11-30 16:59:21] [状态] 小行为状态更新为: 等待中
[2025-11-30 16:59:22] [判断] 当前课程: Testing001，进行中
[2025-11-30 16:59:23] [判断] 当前课程: Testing001，进行中
[2025-11-30 16:59:24] [判断] 当前课程: Testing001，进行中
[2025-11-30 16:59:25] [判断] 当前课程: Testing001，进行中
[2025-11-30 16:59:26] [判断] 当前课程: Testing001，进行中
[2025-11-30 16:59:27] [判断] 当前课程: Testing001，进行中
[2025-11-30 16:59:28] [判断] 当前课程: Testing001，进行中
[2025-11-30 16:59:29] [判断] 当前课程: Testing001，进行中
[2025-11-30 16:59:30] [判断] 当前课程: Testing001，进行中
[2025-11-30 16:59:31] [判断] 当前课程: Testing001，进行中
[2025-11-30 16:59:32] [判断] 当前课程: Testing001，进行中
[2025-11-30 16:59:33] [判断] 当前课程: Testing001，进行中
[2025-11-30 16:59:34] [判断] 当前课程: Testing001，进行中
[2025-11-30 16:59:35] [判断] 当前课程: Testing001，进行中
[2025-11-30 16:59:36] [判断] 当前课程: Testing001，进行中
[2025-11-30 16:59:37] [判断] 当前课程: Testing001，进行中
[2025-11-30 16:59:38] [判断] 当前课程: Testing001，进行中
[2025-11-30 16:59:39] [判断] 当前课程: Testing001，进行中
[2025-11-30 16:59:40] [判断] 当前课程: Testing001，进行中
[2025-11-30 16:59:41] [判断] 当前课程: Testing001，进行中
[2025-11-30 16:59:41] [状态] 小行为状态更新为: 答题行为
[2025-11-30 16:59:41] [判断] 当前界面: poll_starts
[2025-11-30 16:59:41] [操作] 在屏幕上找到图片: a.PNG，匹配度: 1.00，位置: (992, 677)
[2025-11-30 16:59:41] [操作] 移动鼠标: 从(422, 0)到(992, 677)
[2025-11-30 16:59:42] [操作] 执行点击A选项答题，位置: (992, 677)
[2025-11-30 16:59:43] [判断] 当前课程: Testing001，进行中
[2025-11-30 16:59:43] [判断] 当前界面: poll_starts
[2025-11-30 16:59:43] [操作] 在屏幕上找到图片: a.PNG，匹配度: 0.92，位置: (1135, 677)
[2025-11-30 16:59:43] [操作] 移动鼠标: 从(992, 677)到(1135, 677)
[2025-11-30 16:59:43] [操作] 执行点击A选项答题，位置: (1135, 677)
[2025-11-30 16:59:44] [判断] 当前课程: Testing001，进行中
[2025-11-30 16:59:44] [状态] 小行为状态更新为: 等待中
[2025-11-30 16:59:45] [判断] 当前课程: Testing001，进行中
[2025-11-30 16:59:46] [判断] 当前课程: Testing001，进行中
[2025-11-30 16:59:47] [判断] 当前课程: Testing001，进行中
[2025-11-30 16:59:48] [判断] 当前课程: Testing001，进行中
[2025-11-30 16:59:49] [判断] 当前课程: Testing001，进行中
[2025-11-30 16:59:50] [判断] 当前课程: Testing001，进行中
[2025-11-30 16:59:51] [判断] 当前课程: Testing001，进行中
[2025-11-30 16:59:52] [判断] 当前课程: Testing001，进行中
[2025-11-30 16:59:53] [判断] 当前课程: Testing001，进行中
[2025-11-30 16:59:54] [判断] 当前课程: Testing001，进行中
[2025-11-30 16:59:55] [判断] 当前课程: Testing001，进行中
[2025-11-30 16:59:56] [判断] 当前课程: Testing001，进行中
[2025-11-30 16:59:57] [判断] 当前课程: Testing001，进行中
[2025-11-30 16:59:58] [判断] 当前课程: Testing001，进行中
[2025-11-30 16:59:59] [判断] 当前课程: Testing001，进行中
[2025-11-30 17:00:00] [判断] 当前课程: Testing001，进行中
[2025-11-30 17:00:01] [判断] 当前课程: Testing001，进行中
[2025-11-30 17:00:02] [判断] 当前课程: Testing001，进行中
[2025-11-30 17:00:03] [判断] 当前课程: Testing001，进行中
[2025-11-30 17:00:04] [判断] 当前课程: Testing001，进行中
[2025-11-30 17:00:05] [判断] 当前课程: Testing001，进行中
[2025-11-30 17:00:06] [判断] 当前课程: Testing001，进行中
[2025-11-30 17:00:07] [判断] 当前课程: Testing001，进行中
[2025-11-30 17:00:08] [判断] 当前课程: Testing001，进行中
[2025-11-30 17:00:09] [判断] 当前课程: Testing001，进行中
[2025-11-30 17:00:10] [判断] 当前课程: Testing001，进行中
[2025-11-30 17:00:11] [判断] 当前课程: Testing001，进行中
[2025-11-30 17:00:11] [状态] 小行为状态更新为: 答题行为
[2025-11-30 17:00:11] [判断] 当前界面: poll_starts
[2025-11-30 17:00:12] [操作] 在屏幕上找到图片: a.PNG，匹配度: 1.00，位置: (992, 677)
[2025-11-30 17:00:12] [操作] 移动鼠标: 从(1646, 894)到(992, 677)
[2025-11-30 17:00:12] [操作] 执行点击A选项答题，位置: (992, 677)
[2025-11-30 17:00:13] [判断] 当前课程: Testing001，进行中
[2025-11-30 17:00:13] [判断] 当前界面: poll_starts
[2025-11-30 17:00:13] [判断] 未找到匹配的图片: a.PNG，最高匹配度: 0.81
[2025-11-30 17:00:13] [错误] 未在屏幕上找到A选项
[2025-11-30 17:00:14] [判断] 当前课程: Testing001，进行中
[2025-11-30 17:00:14] [判断] 当前界面: poll_starts
[2025-11-30 17:00:15] [判断] 未找到匹配的图片: a.PNG，最高匹配度: 0.81
[2025-11-30 17:00:15] [错误] 未在屏幕上找到A选项
[2025-11-30 17:00:16] [判断] 当前课程: Testing001，进行中
[2025-11-30 17:00:16] [判断] 当前界面: poll_starts
[2025-11-30 17:00:16] [操作] 在屏幕上找到图片: a.PNG，匹配度: 0.92，位置: (1135, 677)
[2025-11-30 17:00:16] [操作] 移动鼠标: 从(992, 677)到(1135, 677)
[2025-11-30 17:00:16] [操作] 执行点击A选项答题，位置: (1135, 677)
[2025-11-30 17:00:17] [判断] 当前课程: Testing001，进行中
[2025-11-30 17:00:17] [状态] 小行为状态更新为: 等待中
[2025-11-30 17:00:18] [判断] 当前课程: Testing001，进行中
[2025-11-30 17:00:18] [状态] 小行为状态更新为: 答题行为
[2025-11-30 17:00:18] [判断] 当前界面: poll_starts
[2025-11-30 17:00:18] [操作] 在屏幕上找到图片: a.PNG，匹配度: 1.00，位置: (992, 677)
[2025-11-30 17:00:18] [操作] 移动鼠标: 从(1135, 677)到(992, 677)
[2025-11-30 17:00:19] [操作] 执行点击A选项答题，位置: (992, 677)
[2025-11-30 17:00:20] [判断] 当前课程: Testing001，进行中
[2025-11-30 17:00:20] [状态] 小行为状态更新为: 等待中
[2025-11-30 17:00:21] [判断] 当前课程: Testing001，进行中
[2025-11-30 17:00:22] [判断] 当前课程: Testing001，进行中
[2025-11-30 17:00:23] [判断] 当前课程: Testing001，进行中
[2025-11-30 17:00:24] [判断] 当前课程: Testing001，进行中
[2025-11-30 17:00:25] [判断] 当前课程: Testing001，进行中
[2025-11-30 17:00:26] [判断] 当前课程: Testing001，进行中
[2025-11-30 17:00:27] [判断] 当前课程: Testing001，进行中
[2025-11-30 17:00:28] [判断] 当前课程: Testing001，进行中
[2025-11-30 17:00:29] [判断] 当前课程: Testing001，进行中
[2025-11-30 17:00:30] [判断] 当前课程: Testing001，进行中
[2025-11-30 17:00:31] [判断] 当前课程: Testing001，进行中
[2025-11-30 17:00:32] [判断] 当前课程: Testing001，进行中
[2025-11-30 17:00:33] [判断] 当前课程: Testing001，进行中
[2025-11-30 17:00:34] [重要] 鼠标控制功能停止
[2025-11-30 17:00:34] [状态] 大型行为状态更新为: 未启动
[2025-11-30 17:00:34] [重要] 鼠标控制功能停止
[2025-11-30 17:02:09] [重要] 程序退出
[2025-11-30 17:04:21] [操作] 启动屏幕检测
[2025-11-30 17:04:21] [状态] 大型行为状态更新为: 准备中
[2025-11-30 17:04:21] [状态] 小行为状态更新为: 初始化
[2025-11-30 17:04:21] [重要] 鼠标控制功能启动
[2025-11-30 17:04:21] [重要] 鼠标控制功能启动
[2025-11-30 17:04:21] [判断] 当前课程: Testing001，进行中
[2025-11-30 17:04:21] [状态] 大型行为状态更新为: 课程进行中
[2025-11-30 17:04:21] [状态] 小行为状态更新为: 等待中
[2025-11-30 17:04:22] [判断] 当前课程: Testing001，进行中
[2025-11-30 17:04:22] [判断] 当前界面为Course Menu，且当前有课程进行中: Testing001
[2025-11-30 17:04:22] [状态] 小行为状态更新为: 进入当前课程界面
[2025-11-30 17:04:22] [操作] 在屏幕上找到图片: Testing001.png，匹配度: 1.00，位置: (965, 679)
[2025-11-30 17:04:22] [操作] 移动鼠标: 从(159, 589)到(965, 679)
[2025-11-30 17:04:23] [操作] 执行点击Testing001课程图标，位置: (965, 679)
[2025-11-30 17:04:24] [判断] 当前课程: Testing001，进行中
[2025-11-30 17:04:24] [判断] 当前界面为Course Menu，且当前有课程进行中: Testing001
[2025-11-30 17:04:24] [判断] 未找到匹配的图片: Testing001.png，最高匹配度: 0.32
[2025-11-30 17:04:24] [错误] 未在屏幕上找到Testing001课程图标
[2025-11-30 17:04:25] [判断] 当前课程: Testing001，进行中
[2025-11-30 17:04:25] [判断] 当前界面为Course Menu，且当前有课程进行中: Testing001
[2025-11-30 17:04:25] [判断] 未找到匹配的图片: Testing001.png，最高匹配度: 0.32
[2025-11-30 17:04:25] [错误] 未在屏幕上找到Testing001课程图标
[2025-11-30 17:04:26] [判断] 当前课程: Testing001，进行中
[2025-11-30 17:04:26] [状态] 小行为状态更新为: 等待中
[2025-11-30 17:04:27] [判断] 当前课程: Testing001，进行中
[2025-11-30 17:04:28] [判断] 当前课程: Testing001，进行中
[2025-11-30 17:04:28] [状态] 小行为状态更新为: 进入答题行为
[2025-11-30 17:04:28] [判断] 当前界面: course_starts
[2025-11-30 17:04:28] [操作] 在屏幕上找到图片: join.PNG，匹配度: 1.00，位置: (1574, 237)
[2025-11-30 17:04:28] [操作] 移动鼠标: 从(965, 679)到(1574, 237)
[2025-11-30 17:04:29] [操作] 执行点击join按钮进入答题，位置: (1574, 237)
[2025-11-30 17:04:30] [判断] 当前课程: Testing001，进行中
[2025-11-30 17:04:30] [判断] 当前界面: course_starts
[2025-11-30 17:04:30] [操作] 在屏幕上找到图片: join.PNG，匹配度: 1.00，位置: (1574, 237)
[2025-11-30 17:04:30] [操作] 移动鼠标: 从(1574, 237)到(1574, 237)
[2025-11-30 17:04:31] [操作] 执行点击join按钮进入答题，位置: (1574, 237)
[2025-11-30 17:04:32] [判断] 当前课程: Testing001，进行中
[2025-11-30 17:04:32] [判断] 当前界面: course_starts
[2025-11-30 17:04:32] [操作] 在屏幕上找到图片: join.PNG，匹配度: 1.00，位置: (1574, 237)
[2025-11-30 17:04:32] [操作] 移动鼠标: 从(1574, 237)到(1574, 237)
[2025-11-30 17:04:32] [操作] 执行点击join按钮进入答题，位置: (1574, 237)
[2025-11-30 17:04:33] [判断] 当前课程: Testing001，进行中
[2025-11-30 17:04:33] [状态] 小行为状态更新为: 等待中
[2025-11-30 17:04:34] [判断] 当前课程: Testing001，进行中
[2025-11-30 17:04:35] [判断] 当前课程: Testing001，进行中
[2025-11-30 17:04:36] [判断] 当前课程: Testing001，进行中
[2025-11-30 17:04:37] [判断] 当前课程: Testing001，进行中
[2025-11-30 17:04:38] [判断] 当前课程: Testing001，进行中
[2025-11-30 17:04:39] [判断] 当前课程: Testing001，进行中
[2025-11-30 17:04:40] [判断] 当前课程: Testing001，进行中
[2025-11-30 17:04:41] [判断] 当前课程: Testing001，进行中
[2025-11-30 17:04:42] [判断] 当前课程: Testing001，进行中
[2025-11-30 17:04:43] [判断] 当前课程: Testing001，进行中
[2025-11-30 17:04:44] [判断] 当前课程: Testing001，进行中
[2025-11-30 17:04:45] [判断] 当前课程: Testing001，进行中
[2025-11-30 17:04:46] [判断] 当前课程: Testing001，进行中
[2025-11-30 17:04:47] [判断] 当前课程: Testing001，进行中
[2025-11-30 17:04:48] [判断] 当前课程: Testing001，进行中
[2025-11-30 17:04:49] [判断] 当前课程: Testing001，进行中
[2025-11-30 17:04:50] [判断] 当前课程: Testing001，进行中
[2025-11-30 17:04:51] [判断] 当前课程: Testing001，进行中
[2025-11-30 17:04:52] [判断] 当前课程: Testing001，进行中
[2025-11-30 17:04:53] [判断] 当前课程: Testing001，进行中
[2025-11-30 17:04:54] [判断] 当前课程: Testing001，进行中
[2025-11-30 17:04:55] [判断] 当前课程: Testing001，进行中
[2025-11-30 17:04:56] [判断] 当前课程: Testing001，进行中
[2025-11-30 17:04:57] [判断] 当前课程: Testing001，进行中
[2025-11-30 17:04:58] [判断] 当前课程: Testing001，进行中
[2025-11-30 17:04:59] [判断] 当前课程: Testing001，进行中
[2025-11-30 17:05:00] [判断] 当前课程: Testing001，进行中
[2025-11-30 17:05:01] [判断] 当前课程: Testing001，进行中
[2025-11-30 17:05:02] [判断] 当前课程: Testing001，进行中
[2025-11-30 17:05:03] [判断] 当前课程: Testing001，进行中
[2025-11-30 17:05:04] [判断] 当前课程: Testing001，进行中
[2025-11-30 17:05:05] [判断] 当前课程: Testing001，进行中
[2025-11-30 17:05:06] [判断] 当前课程: Testing001，进行中
[2025-11-30 17:05:07] [判断] 当前课程: Testing001，进行中
[2025-11-30 17:05:08] [判断] 当前课程: Testing001，进行中
[2025-11-30 17:05:09] [判断] 当前课程: Testing001，进行中
[2025-11-30 17:05:10] [判断] 当前课程: Testing001，进行中
[2025-11-30 17:05:11] [判断] 当前课程: Testing001，进行中
[2025-11-30 17:05:12] [判断] 当前课程: Testing001，进行中
[2025-11-30 17:05:13] [判断] 当前课程: Testing001，进行中
[2025-11-30 17:05:14] [判断] 当前课程: Testing001，进行中
[2025-11-30 17:05:15] [判断] 当前课程: Testing001，进行中
[2025-11-30 17:05:16] [判断] 当前课程: Testing001，进行中
[2025-11-30 17:05:17] [判断] 当前课程: Testing001，进行中
[2025-11-30 17:05:18] [判断] 当前课程: Testing001，进行中
[2025-11-30 17:05:19] [判断] 当前课程: Testing001，进行中
[2025-11-30 17:05:20] [判断] 当前课程: Testing001，进行中
[2025-11-30 17:05:21] [判断] 当前课程: Testing001，进行中
[2025-11-30 17:05:22] [判断] 当前课程: Testing001，进行中
[2025-11-30 17:05:23] [判断] 当前课程: Testing001，进行中
[2025-11-30 17:05:24] [判断] 当前课程: Testing001，进行中
[2025-11-30 17:05:25] [判断] 当前课程: Testing001，进行中
[2025-11-30 17:05:26] [判断] 当前课程: Testing001，进行中
[2025-11-30 17:05:27] [判断] 当前课程: Testing001，进行中
[2025-11-30 17:05:28] [重要] 鼠标控制功能停止
[2025-11-30 17:05:28] [状态] 大型行为状态更新为: 未启动
[2025-11-30 17:05:28] [重要] 鼠标控制功能停止
