[2026-01-13 04:58:51] [调试] 开始启动鼠标控制功能
[2026-01-13 04:58:51] [调试] 准备更新界面状态
[2026-01-13 04:58:51] [调试] 界面状态更新完成
[2026-01-13 04:58:51] [调试] 准备重置行为状态显示
[2026-01-13 04:58:51] [状态] 时间分类更新为: 准备中
[2026-01-13 04:58:51] [状态] 小行为状态更新为: 初始化
[2026-01-13 04:58:51] [调试] 行为状态显示重置完成
[2026-01-13 04:58:51] [调试] 准备启动鼠标控制线程
[2026-01-13 04:58:51] [重要] 鼠标控制功能启动
[2026-01-13 04:58:51] [调试] 鼠标控制线程已启动
[2026-01-13 04:58:51] [调试] 鼠标控制主逻辑线程已启动
[2026-01-13 04:58:51] [重要] 鼠标控制功能启动
[2026-01-13 04:58:51] [调试] 准备设置键盘中断
[2026-01-13 04:58:51] [调试] 键盘中断设置完成
[2026-01-13 04:58:51] [调试] 进入鼠标控制主循环
[2026-01-13 04:58:51] [调试] 准备获取当前时间分类
[2026-01-13 04:58:51] [判断] 当前处于课间时间
[2026-01-13 04:58:51] [调试] 当前时间分类: 课间时间, 详细信息: (None, {'id': 3, 'day': '周二', 'start_time': '08:00', 'end_time': '09:20', 'course_code': 'DSCI524', 'course_name': 'DSCI524', 'created_at': '2025-11-24 08:29:32'})
[2026-01-13 04:58:51] [调试] 当前处于课间时间
[2026-01-13 04:58:51] [调试] 上一节课: None, 下一节课: {'id': 3, 'day': '周二', 'start_time': '08:00', 'end_time': '09:20', 'course_code': 'DSCI524', 'course_name': 'DSCI524', 'created_at': '2025-11-24 08:29:32'}
[2026-01-13 04:58:51] [调试] 当前界面: poll_answered
[2026-01-13 04:58:51] [判断] 未找到匹配的图片: return.PNG
[2026-01-13 04:58:51] [调试] 未检测到返回按钮，更新为等待中
[2026-01-13 04:58:51] [状态] 时间分类更新为: 课间时间
[2026-01-13 04:58:51] [状态] 小行为状态更新为: 等待中
[2026-01-13 04:58:51] [调试] 准备进入休眠状态
[2026-01-13 04:58:51] [调试] 休眠结束，继续下一次循环
[2026-01-13 04:58:51] [调试] 进入鼠标控制主循环
[2026-01-13 04:58:51] [调试] 准备获取当前时间分类
[2026-01-13 04:58:51] [判断] 当前处于课间时间
[2026-01-13 04:58:51] [调试] 当前时间分类: 课间时间, 详细信息: (None, {'id': 3, 'day': '周二', 'start_time': '08:00', 'end_time': '09:20', 'course_code': 'DSCI524', 'course_name': 'DSCI524', 'created_at': '2025-11-24 08:29:32'})
[2026-01-13 04:58:51] [调试] 当前处于课间时间
[2026-01-13 04:58:51] [调试] 上一节课: None, 下一节课: {'id': 3, 'day': '周二', 'start_time': '08:00', 'end_time': '09:20', 'course_code': 'DSCI524', 'course_name': 'DSCI524', 'created_at': '2025-11-24 08:29:32'}
[2026-01-13 04:58:51] [调试] 当前界面: poll_answered
[2026-01-13 04:58:51] [判断] 未找到匹配的图片: return.PNG
[2026-01-13 04:58:51] [调试] 未检测到返回按钮，更新为等待中
[2026-01-13 04:58:51] [调试] 准备进入休眠状态
[2026-01-13 04:58:52] [调试] 休眠结束，继续下一次循环
[2026-01-13 04:58:52] [调试] 进入鼠标控制主循环
[2026-01-13 04:58:52] [调试] 准备获取当前时间分类
[2026-01-13 04:58:52] [判断] 当前处于课间时间
[2026-01-13 04:58:52] [调试] 当前时间分类: 课间时间, 详细信息: (None, {'id': 3, 'day': '周二', 'start_time': '08:00', 'end_time': '09:20', 'course_code': 'DSCI524', 'course_name': 'DSCI524', 'created_at': '2025-11-24 08:29:32'})
[2026-01-13 04:58:52] [调试] 当前处于课间时间
[2026-01-13 04:58:52] [调试] 上一节课: None, 下一节课: {'id': 3, 'day': '周二', 'start_time': '08:00', 'end_time': '09:20', 'course_code': 'DSCI524', 'course_name': 'DSCI524', 'created_at': '2025-11-24 08:29:32'}
[2026-01-13 04:58:52] [调试] 当前界面: poll_answered
[2026-01-13 04:58:52] [判断] 未找到匹配的图片: return.PNG
[2026-01-13 04:58:52] [调试] 未检测到返回按钮，更新为等待中
[2026-01-13 04:58:52] [调试] 准备进入休眠状态
[2026-01-13 04:58:53] [调试] 休眠结束，继续下一次循环
[2026-01-13 04:58:53] [调试] 进入鼠标控制主循环
[2026-01-13 04:58:53] [调试] 准备获取当前时间分类
[2026-01-13 04:58:53] [判断] 当前处于课间时间
[2026-01-13 04:58:53] [调试] 当前时间分类: 课间时间, 详细信息: (None, {'id': 3, 'day': '周二', 'start_time': '08:00', 'end_time': '09:20', 'course_code': 'DSCI524', 'course_name': 'DSCI524', 'created_at': '2025-11-24 08:29:32'})
[2026-01-13 04:58:53] [调试] 当前处于课间时间
[2026-01-13 04:58:53] [调试] 上一节课: None, 下一节课: {'id': 3, 'day': '周二', 'start_time': '08:00', 'end_time': '09:20', 'course_code': 'DSCI524', 'course_name': 'DSCI524', 'created_at': '2025-11-24 08:29:32'}
[2026-01-13 04:58:53] [调试] 当前界面: poll_answered
[2026-01-13 04:58:53] [判断] 未找到匹配的图片: return.PNG
[2026-01-13 04:58:53] [调试] 未检测到返回按钮，更新为等待中
[2026-01-13 04:58:53] [调试] 准备进入休眠状态
[2026-01-13 04:58:53] [调试] 休眠结束，继续下一次循环
[2026-01-13 04:58:53] [调试] 进入鼠标控制主循环
[2026-01-13 04:58:53] [调试] 准备获取当前时间分类
[2026-01-13 04:58:53] [判断] 当前处于课间时间
[2026-01-13 04:58:53] [调试] 当前时间分类: 课间时间, 详细信息: (None, {'id': 3, 'day': '周二', 'start_time': '08:00', 'end_time': '09:20', 'course_code': 'DSCI524', 'course_name': 'DSCI524', 'created_at': '2025-11-24 08:29:32'})
[2026-01-13 04:58:53] [调试] 当前处于课间时间
[2026-01-13 04:58:53] [调试] 上一节课: None, 下一节课: {'id': 3, 'day': '周二', 'start_time': '08:00', 'end_time': '09:20', 'course_code': 'DSCI524', 'course_name': 'DSCI524', 'created_at': '2025-11-24 08:29:32'}
[2026-01-13 04:58:53] [调试] 当前界面: poll_answered
[2026-01-13 04:58:53] [判断] 未找到匹配的图片: return.PNG
[2026-01-13 04:58:53] [调试] 未检测到返回按钮，更新为等待中
[2026-01-13 04:58:53] [调试] 准备进入休眠状态
[2026-01-13 04:58:54] [调试] 休眠结束，继续下一次循环
[2026-01-13 04:58:54] [调试] 进入鼠标控制主循环
[2026-01-13 04:58:54] [调试] 准备获取当前时间分类
[2026-01-13 04:58:54] [判断] 当前处于课间时间
[2026-01-13 04:58:54] [调试] 当前时间分类: 课间时间, 详细信息: (None, {'id': 3, 'day': '周二', 'start_time': '08:00', 'end_time': '09:20', 'course_code': 'DSCI524', 'course_name': 'DSCI524', 'created_at': '2025-11-24 08:29:32'})
[2026-01-13 04:58:54] [调试] 当前处于课间时间
[2026-01-13 04:58:54] [调试] 上一节课: None, 下一节课: {'id': 3, 'day': '周二', 'start_time': '08:00', 'end_time': '09:20', 'course_code': 'DSCI524', 'course_name': 'DSCI524', 'created_at': '2025-11-24 08:29:32'}
[2026-01-13 04:58:54] [调试] 当前界面: poll_answered
[2026-01-13 04:58:54] [判断] 未找到匹配的图片: return.PNG
[2026-01-13 04:58:54] [调试] 未检测到返回按钮，更新为等待中
[2026-01-13 04:58:54] [调试] 准备进入休眠状态
[2026-01-13 04:58:55] [调试] 休眠结束，继续下一次循环
[2026-01-13 04:58:55] [调试] 进入鼠标控制主循环
[2026-01-13 04:58:55] [调试] 准备获取当前时间分类
[2026-01-13 04:58:55] [判断] 当前处于课间时间
[2026-01-13 04:58:55] [调试] 当前时间分类: 课间时间, 详细信息: (None, {'id': 3, 'day': '周二', 'start_time': '08:00', 'end_time': '09:20', 'course_code': 'DSCI524', 'course_name': 'DSCI524', 'created_at': '2025-11-24 08:29:32'})
[2026-01-13 04:58:55] [调试] 当前处于课间时间
[2026-01-13 04:58:55] [调试] 上一节课: None, 下一节课: {'id': 3, 'day': '周二', 'start_time': '08:00', 'end_time': '09:20', 'course_code': 'DSCI524', 'course_name': 'DSCI524', 'created_at': '2025-11-24 08:29:32'}
[2026-01-13 04:58:55] [调试] 当前界面: poll_answered
[2026-01-13 04:58:55] [判断] 未找到匹配的图片: return.PNG
[2026-01-13 04:58:55] [调试] 未检测到返回按钮，更新为等待中
[2026-01-13 04:58:55] [调试] 准备进入休眠状态
[2026-01-13 04:58:55] [调试] 休眠结束，继续下一次循环
[2026-01-13 04:58:55] [调试] 进入鼠标控制主循环
[2026-01-13 04:58:55] [调试] 准备获取当前时间分类
[2026-01-13 04:58:55] [判断] 当前处于课间时间
[2026-01-13 04:58:55] [调试] 当前时间分类: 课间时间, 详细信息: (None, {'id': 3, 'day': '周二', 'start_time': '08:00', 'end_time': '09:20', 'course_code': 'DSCI524', 'course_name': 'DSCI524', 'created_at': '2025-11-24 08:29:32'})
[2026-01-13 04:58:55] [调试] 当前处于课间时间
[2026-01-13 04:58:55] [调试] 上一节课: None, 下一节课: {'id': 3, 'day': '周二', 'start_time': '08:00', 'end_time': '09:20', 'course_code': 'DSCI524', 'course_name': 'DSCI524', 'created_at': '2025-11-24 08:29:32'}
[2026-01-13 04:58:55] [调试] 当前界面: poll_answered
[2026-01-13 04:58:55] [判断] 未找到匹配的图片: return.PNG
[2026-01-13 04:58:55] [调试] 未检测到返回按钮，更新为等待中
[2026-01-13 04:58:55] [调试] 准备进入休眠状态
[2026-01-13 04:58:56] [调试] 休眠结束，继续下一次循环
[2026-01-13 04:58:56] [调试] 进入鼠标控制主循环
[2026-01-13 04:58:56] [调试] 准备获取当前时间分类
[2026-01-13 04:58:56] [判断] 当前处于课间时间
[2026-01-13 04:58:56] [调试] 当前时间分类: 课间时间, 详细信息: (None, {'id': 3, 'day': '周二', 'start_time': '08:00', 'end_time': '09:20', 'course_code': 'DSCI524', 'course_name': 'DSCI524', 'created_at': '2025-11-24 08:29:32'})
[2026-01-13 04:58:56] [调试] 当前处于课间时间
[2026-01-13 04:58:56] [调试] 上一节课: None, 下一节课: {'id': 3, 'day': '周二', 'start_time': '08:00', 'end_time': '09:20', 'course_code': 'DSCI524', 'course_name': 'DSCI524', 'created_at': '2025-11-24 08:29:32'}
[2026-01-13 04:58:56] [调试] 当前界面: poll_answered
[2026-01-13 04:58:56] [判断] 未找到匹配的图片: return.PNG
[2026-01-13 04:58:56] [调试] 未检测到返回按钮，更新为等待中
[2026-01-13 04:58:56] [调试] 准备进入休眠状态
[2026-01-13 04:58:57] [调试] 休眠结束，继续下一次循环
[2026-01-13 04:58:57] [调试] 进入鼠标控制主循环
[2026-01-13 04:58:57] [调试] 准备获取当前时间分类
[2026-01-13 04:58:57] [判断] 当前处于课间时间
[2026-01-13 04:58:57] [调试] 当前时间分类: 课间时间, 详细信息: (None, {'id': 3, 'day': '周二', 'start_time': '08:00', 'end_time': '09:20', 'course_code': 'DSCI524', 'course_name': 'DSCI524', 'created_at': '2025-11-24 08:29:32'})
[2026-01-13 04:58:57] [调试] 当前处于课间时间
[2026-01-13 04:58:57] [调试] 上一节课: None, 下一节课: {'id': 3, 'day': '周二', 'start_time': '08:00', 'end_time': '09:20', 'course_code': 'DSCI524', 'course_name': 'DSCI524', 'created_at': '2025-11-24 08:29:32'}
[2026-01-13 04:58:57] [调试] 当前界面: poll_answered
[2026-01-13 04:58:57] [判断] 未找到匹配的图片: return.PNG
[2026-01-13 04:58:57] [调试] 未检测到返回按钮，更新为等待中
[2026-01-13 04:58:57] [调试] 准备进入休眠状态
[2026-01-13 04:58:57] [调试] 休眠结束，继续下一次循环
[2026-01-13 04:58:57] [调试] 进入鼠标控制主循环
[2026-01-13 04:58:57] [调试] 准备获取当前时间分类
[2026-01-13 04:58:57] [判断] 当前处于课间时间
[2026-01-13 04:58:57] [调试] 当前时间分类: 课间时间, 详细信息: (None, {'id': 3, 'day': '周二', 'start_time': '08:00', 'end_time': '09:20', 'course_code': 'DSCI524', 'course_name': 'DSCI524', 'created_at': '2025-11-24 08:29:32'})
[2026-01-13 04:58:57] [调试] 当前处于课间时间
[2026-01-13 04:58:57] [调试] 上一节课: None, 下一节课: {'id': 3, 'day': '周二', 'start_time': '08:00', 'end_time': '09:20', 'course_code': 'DSCI524', 'course_name': 'DSCI524', 'created_at': '2025-11-24 08:29:32'}
[2026-01-13 04:58:57] [调试] 当前界面: poll_answered
[2026-01-13 04:58:58] [判断] 未找到匹配的图片: return.PNG
[2026-01-13 04:58:58] [调试] 未检测到返回按钮，更新为等待中
[2026-01-13 04:58:58] [调试] 准备进入休眠状态
[2026-01-13 04:58:58] [调试] 休眠结束，继续下一次循环
[2026-01-13 04:58:58] [调试] 进入鼠标控制主循环
[2026-01-13 04:58:58] [调试] 准备获取当前时间分类
[2026-01-13 04:58:58] [判断] 当前处于课间时间
[2026-01-13 04:58:58] [调试] 当前时间分类: 课间时间, 详细信息: (None, {'id': 3, 'day': '周二', 'start_time': '08:00', 'end_time': '09:20', 'course_code': 'DSCI524', 'course_name': 'DSCI524', 'created_at': '2025-11-24 08:29:32'})
[2026-01-13 04:58:58] [调试] 当前处于课间时间
[2026-01-13 04:58:58] [调试] 上一节课: None, 下一节课: {'id': 3, 'day': '周二', 'start_time': '08:00', 'end_time': '09:20', 'course_code': 'DSCI524', 'course_name': 'DSCI524', 'created_at': '2025-11-24 08:29:32'}
[2026-01-13 04:58:58] [调试] 当前界面: poll_answered
[2026-01-13 04:58:58] [判断] 未找到匹配的图片: return.PNG
[2026-01-13 04:58:58] [调试] 未检测到返回按钮，更新为等待中
[2026-01-13 04:58:58] [调试] 准备进入休眠状态
[2026-01-13 04:58:59] [调试] 休眠结束，继续下一次循环
[2026-01-13 04:58:59] [调试] 进入鼠标控制主循环
[2026-01-13 04:58:59] [调试] 准备获取当前时间分类
[2026-01-13 04:58:59] [判断] 当前处于课间时间
[2026-01-13 04:58:59] [调试] 当前时间分类: 课间时间, 详细信息: (None, {'id': 3, 'day': '周二', 'start_time': '08:00', 'end_time': '09:20', 'course_code': 'DSCI524', 'course_name': 'DSCI524', 'created_at': '2025-11-24 08:29:32'})
[2026-01-13 04:58:59] [调试] 当前处于课间时间
[2026-01-13 04:58:59] [调试] 上一节课: None, 下一节课: {'id': 3, 'day': '周二', 'start_time': '08:00', 'end_time': '09:20', 'course_code': 'DSCI524', 'course_name': 'DSCI524', 'created_at': '2025-11-24 08:29:32'}
[2026-01-13 04:58:59] [调试] 当前界面: poll_starts
[2026-01-13 04:58:59] [判断] 未找到匹配的图片: return.PNG
[2026-01-13 04:58:59] [调试] 未检测到返回按钮，更新为等待中
[2026-01-13 04:58:59] [调试] 准备进入休眠状态
[2026-01-13 04:58:59] [调试] 休眠结束，继续下一次循环
[2026-01-13 04:58:59] [调试] 进入鼠标控制主循环
[2026-01-13 04:58:59] [调试] 准备获取当前时间分类
[2026-01-13 04:58:59] [判断] 当前处于课间时间
[2026-01-13 04:58:59] [调试] 当前时间分类: 课间时间, 详细信息: (None, {'id': 3, 'day': '周二', 'start_time': '08:00', 'end_time': '09:20', 'course_code': 'DSCI524', 'course_name': 'DSCI524', 'created_at': '2025-11-24 08:29:32'})
[2026-01-13 04:58:59] [调试] 当前处于课间时间
[2026-01-13 04:58:59] [调试] 上一节课: None, 下一节课: {'id': 3, 'day': '周二', 'start_time': '08:00', 'end_time': '09:20', 'course_code': 'DSCI524', 'course_name': 'DSCI524', 'created_at': '2025-11-24 08:29:32'}
[2026-01-13 04:58:59] [调试] 当前界面: poll_starts
[2026-01-13 04:59:00] [判断] 未找到匹配的图片: return.PNG
[2026-01-13 04:59:00] [调试] 未检测到返回按钮，更新为等待中
[2026-01-13 04:59:00] [调试] 准备进入休眠状态
[2026-01-13 04:59:00] [调试] 休眠结束，继续下一次循环
[2026-01-13 04:59:00] [调试] 进入鼠标控制主循环
[2026-01-13 04:59:00] [调试] 准备获取当前时间分类
[2026-01-13 04:59:00] [判断] 当前处于课间时间
[2026-01-13 04:59:00] [调试] 当前时间分类: 课间时间, 详细信息: (None, {'id': 3, 'day': '周二', 'start_time': '08:00', 'end_time': '09:20', 'course_code': 'DSCI524', 'course_name': 'DSCI524', 'created_at': '2025-11-24 08:29:32'})
[2026-01-13 04:59:00] [调试] 当前处于课间时间
[2026-01-13 04:59:00] [调试] 上一节课: None, 下一节课: {'id': 3, 'day': '周二', 'start_time': '08:00', 'end_time': '09:20', 'course_code': 'DSCI524', 'course_name': 'DSCI524', 'created_at': '2025-11-24 08:29:32'}
[2026-01-13 04:59:00] [调试] 当前界面: poll_starts
[2026-01-13 04:59:00] [判断] 未找到匹配的图片: return.PNG
[2026-01-13 04:59:00] [调试] 未检测到返回按钮，更新为等待中
[2026-01-13 04:59:00] [调试] 准备进入休眠状态
[2026-01-13 04:59:01] [调试] 休眠结束，继续下一次循环
[2026-01-13 04:59:01] [调试] 进入鼠标控制主循环
[2026-01-13 04:59:01] [调试] 准备获取当前时间分类
[2026-01-13 04:59:01] [判断] 当前处于课间时间
[2026-01-13 04:59:01] [调试] 当前时间分类: 课间时间, 详细信息: (None, {'id': 3, 'day': '周二', 'start_time': '08:00', 'end_time': '09:20', 'course_code': 'DSCI524', 'course_name': 'DSCI524', 'created_at': '2025-11-24 08:29:32'})
[2026-01-13 04:59:01] [调试] 当前处于课间时间
[2026-01-13 04:59:01] [调试] 上一节课: None, 下一节课: {'id': 3, 'day': '周二', 'start_time': '08:00', 'end_time': '09:20', 'course_code': 'DSCI524', 'course_name': 'DSCI524', 'created_at': '2025-11-24 08:29:32'}
[2026-01-13 04:59:01] [调试] 当前界面: poll_starts
[2026-01-13 04:59:01] [判断] 未找到匹配的图片: return.PNG
[2026-01-13 04:59:01] [调试] 未检测到返回按钮，更新为等待中
[2026-01-13 04:59:01] [调试] 准备进入休眠状态
[2026-01-13 04:59:02] [调试] 休眠结束，继续下一次循环
[2026-01-13 04:59:02] [调试] 进入鼠标控制主循环
[2026-01-13 04:59:02] [调试] 准备获取当前时间分类
[2026-01-13 04:59:02] [判断] 当前处于课间时间
[2026-01-13 04:59:02] [调试] 当前时间分类: 课间时间, 详细信息: (None, {'id': 3, 'day': '周二', 'start_time': '08:00', 'end_time': '09:20', 'course_code': 'DSCI524', 'course_name': 'DSCI524', 'created_at': '2025-11-24 08:29:32'})
[2026-01-13 04:59:02] [调试] 当前处于课间时间
[2026-01-13 04:59:02] [调试] 上一节课: None, 下一节课: {'id': 3, 'day': '周二', 'start_time': '08:00', 'end_time': '09:20', 'course_code': 'DSCI524', 'course_name': 'DSCI524', 'created_at': '2025-11-24 08:29:32'}
[2026-01-13 04:59:02] [调试] 当前界面: poll_starts
[2026-01-13 04:59:02] [判断] 未找到匹配的图片: return.PNG
[2026-01-13 04:59:02] [调试] 未检测到返回按钮，更新为等待中
[2026-01-13 04:59:02] [调试] 准备进入休眠状态
[2026-01-13 04:59:02] [调试] 休眠结束，继续下一次循环
[2026-01-13 04:59:02] [调试] 进入鼠标控制主循环
[2026-01-13 04:59:02] [调试] 准备获取当前时间分类
[2026-01-13 04:59:02] [判断] 当前处于课间时间
[2026-01-13 04:59:02] [调试] 当前时间分类: 课间时间, 详细信息: (None, {'id': 3, 'day': '周二', 'start_time': '08:00', 'end_time': '09:20', 'course_code': 'DSCI524', 'course_name': 'DSCI524', 'created_at': '2025-11-24 08:29:32'})
[2026-01-13 04:59:02] [调试] 当前处于课间时间
[2026-01-13 04:59:02] [调试] 上一节课: None, 下一节课: {'id': 3, 'day': '周二', 'start_time': '08:00', 'end_time': '09:20', 'course_code': 'DSCI524', 'course_name': 'DSCI524', 'created_at': '2025-11-24 08:29:32'}
[2026-01-13 04:59:02] [调试] 当前界面: poll_starts
[2026-01-13 04:59:02] [判断] 未找到匹配的图片: return.PNG
[2026-01-13 04:59:02] [调试] 未检测到返回按钮，更新为等待中
[2026-01-13 04:59:02] [调试] 准备进入休眠状态
[2026-01-13 04:59:03] [调试] 休眠结束，继续下一次循环
[2026-01-13 04:59:03] [调试] 进入鼠标控制主循环
[2026-01-13 04:59:03] [调试] 准备获取当前时间分类
[2026-01-13 04:59:03] [判断] 当前处于课间时间
[2026-01-13 04:59:03] [调试] 当前时间分类: 课间时间, 详细信息: (None, {'id': 3, 'day': '周二', 'start_time': '08:00', 'end_time': '09:20', 'course_code': 'DSCI524', 'course_name': 'DSCI524', 'created_at': '2025-11-24 08:29:32'})
[2026-01-13 04:59:03] [调试] 当前处于课间时间
[2026-01-13 04:59:03] [调试] 上一节课: None, 下一节课: {'id': 3, 'day': '周二', 'start_time': '08:00', 'end_time': '09:20', 'course_code': 'DSCI524', 'course_name': 'DSCI524', 'created_at': '2025-11-24 08:29:32'}
[2026-01-13 04:59:03] [调试] 当前界面: poll_starts
[2026-01-13 04:59:03] [判断] 未找到匹配的图片: return.PNG
[2026-01-13 04:59:03] [调试] 未检测到返回按钮，更新为等待中
[2026-01-13 04:59:03] [调试] 准备进入休眠状态
[2026-01-13 04:59:04] [调试] 休眠结束，继续下一次循环
[2026-01-13 04:59:04] [调试] 进入鼠标控制主循环
[2026-01-13 04:59:04] [调试] 准备获取当前时间分类
[2026-01-13 04:59:04] [判断] 当前处于课间时间
[2026-01-13 04:59:04] [调试] 当前时间分类: 课间时间, 详细信息: (None, {'id': 3, 'day': '周二', 'start_time': '08:00', 'end_time': '09:20', 'course_code': 'DSCI524', 'course_name': 'DSCI524', 'created_at': '2025-11-24 08:29:32'})
[2026-01-13 04:59:04] [调试] 当前处于课间时间
[2026-01-13 04:59:04] [调试] 上一节课: None, 下一节课: {'id': 3, 'day': '周二', 'start_time': '08:00', 'end_time': '09:20', 'course_code': 'DSCI524', 'course_name': 'DSCI524', 'created_at': '2025-11-24 08:29:32'}
[2026-01-13 04:59:04] [调试] 当前界面: poll_starts
[2026-01-13 04:59:04] [判断] 未找到匹配的图片: return.PNG
[2026-01-13 04:59:04] [调试] 未检测到返回按钮，更新为等待中
[2026-01-13 04:59:04] [调试] 准备进入休眠状态
[2026-01-13 04:59:04] [调试] 休眠结束，继续下一次循环
[2026-01-13 04:59:04] [调试] 进入鼠标控制主循环
[2026-01-13 04:59:04] [调试] 准备获取当前时间分类
[2026-01-13 04:59:04] [判断] 当前处于课间时间
[2026-01-13 04:59:04] [调试] 当前时间分类: 课间时间, 详细信息: (None, {'id': 3, 'day': '周二', 'start_time': '08:00', 'end_time': '09:20', 'course_code': 'DSCI524', 'course_name': 'DSCI524', 'created_at': '2025-11-24 08:29:32'})
[2026-01-13 04:59:04] [调试] 当前处于课间时间
[2026-01-13 04:59:04] [调试] 上一节课: None, 下一节课: {'id': 3, 'day': '周二', 'start_time': '08:00', 'end_time': '09:20', 'course_code': 'DSCI524', 'course_name': 'DSCI524', 'created_at': '2025-11-24 08:29:32'}
[2026-01-13 04:59:04] [调试] 当前界面: poll_starts
[2026-01-13 04:59:04] [判断] 未找到匹配的图片: return.PNG
[2026-01-13 04:59:04] [调试] 未检测到返回按钮，更新为等待中
[2026-01-13 04:59:04] [调试] 准备进入休眠状态
[2026-01-13 04:59:05] [调试] 休眠结束，继续下一次循环
[2026-01-13 04:59:05] [调试] 进入鼠标控制主循环
[2026-01-13 04:59:05] [调试] 准备获取当前时间分类
[2026-01-13 04:59:05] [判断] 当前处于课间时间
[2026-01-13 04:59:05] [调试] 当前时间分类: 课间时间, 详细信息: (None, {'id': 3, 'day': '周二', 'start_time': '08:00', 'end_time': '09:20', 'course_code': 'DSCI524', 'course_name': 'DSCI524', 'created_at': '2025-11-24 08:29:32'})
[2026-01-13 04:59:05] [调试] 当前处于课间时间
[2026-01-13 04:59:05] [调试] 上一节课: None, 下一节课: {'id': 3, 'day': '周二', 'start_time': '08:00', 'end_time': '09:20', 'course_code': 'DSCI524', 'course_name': 'DSCI524', 'created_at': '2025-11-24 08:29:32'}
[2026-01-13 04:59:05] [调试] 当前界面: poll_starts
[2026-01-13 04:59:05] [判断] 未找到匹配的图片: return.PNG
[2026-01-13 04:59:05] [调试] 未检测到返回按钮，更新为等待中
[2026-01-13 04:59:05] [调试] 准备进入休眠状态
[2026-01-13 04:59:06] [调试] 休眠结束，继续下一次循环
[2026-01-13 04:59:06] [调试] 进入鼠标控制主循环
[2026-01-13 04:59:06] [调试] 准备获取当前时间分类
[2026-01-13 04:59:06] [判断] 当前处于课间时间
[2026-01-13 04:59:06] [调试] 当前时间分类: 课间时间, 详细信息: (None, {'id': 3, 'day': '周二', 'start_time': '08:00', 'end_time': '09:20', 'course_code': 'DSCI524', 'course_name': 'DSCI524', 'created_at': '2025-11-24 08:29:32'})
[2026-01-13 04:59:06] [调试] 当前处于课间时间
[2026-01-13 04:59:06] [调试] 上一节课: None, 下一节课: {'id': 3, 'day': '周二', 'start_time': '08:00', 'end_time': '09:20', 'course_code': 'DSCI524', 'course_name': 'DSCI524', 'created_at': '2025-11-24 08:29:32'}
[2026-01-13 04:59:06] [调试] 当前界面: poll_starts
[2026-01-13 04:59:06] [判断] 未找到匹配的图片: return.PNG
[2026-01-13 04:59:06] [调试] 未检测到返回按钮，更新为等待中
[2026-01-13 04:59:06] [调试] 准备进入休眠状态
[2026-01-13 04:59:06] [调试] 休眠结束，继续下一次循环
[2026-01-13 04:59:06] [调试] 进入鼠标控制主循环
[2026-01-13 04:59:06] [调试] 准备获取当前时间分类
[2026-01-13 04:59:06] [判断] 当前处于课间时间
[2026-01-13 04:59:06] [调试] 当前时间分类: 课间时间, 详细信息: (None, {'id': 3, 'day': '周二', 'start_time': '08:00', 'end_time': '09:20', 'course_code': 'DSCI524', 'course_name': 'DSCI524', 'created_at': '2025-11-24 08:29:32'})
[2026-01-13 04:59:06] [调试] 当前处于课间时间
[2026-01-13 04:59:06] [调试] 上一节课: None, 下一节课: {'id': 3, 'day': '周二', 'start_time': '08:00', 'end_time': '09:20', 'course_code': 'DSCI524', 'course_name': 'DSCI524', 'created_at': '2025-11-24 08:29:32'}
[2026-01-13 04:59:06] [调试] 当前界面: poll_starts
[2026-01-13 04:59:06] [判断] 未找到匹配的图片: return.PNG
[2026-01-13 04:59:06] [调试] 未检测到返回按钮，更新为等待中
[2026-01-13 04:59:06] [调试] 准备进入休眠状态
[2026-01-13 04:59:07] [调试] 休眠结束，继续下一次循环
[2026-01-13 04:59:07] [调试] 进入鼠标控制主循环
[2026-01-13 04:59:07] [调试] 准备获取当前时间分类
[2026-01-13 04:59:07] [判断] 当前处于课间时间
[2026-01-13 04:59:07] [调试] 当前时间分类: 课间时间, 详细信息: (None, {'id': 3, 'day': '周二', 'start_time': '08:00', 'end_time': '09:20', 'course_code': 'DSCI524', 'course_name': 'DSCI524', 'created_at': '2025-11-24 08:29:32'})
[2026-01-13 04:59:07] [调试] 当前处于课间时间
[2026-01-13 04:59:07] [调试] 上一节课: None, 下一节课: {'id': 3, 'day': '周二', 'start_time': '08:00', 'end_time': '09:20', 'course_code': 'DSCI524', 'course_name': 'DSCI524', 'created_at': '2025-11-24 08:29:32'}
[2026-01-13 04:59:07] [调试] 当前界面: poll_starts
[2026-01-13 04:59:07] [判断] 未找到匹配的图片: return.PNG
[2026-01-13 04:59:07] [调试] 未检测到返回按钮，更新为等待中
[2026-01-13 04:59:07] [调试] 准备进入休眠状态
[2026-01-13 04:59:08] [调试] 休眠结束，继续下一次循环
[2026-01-13 04:59:08] [调试] 进入鼠标控制主循环
[2026-01-13 04:59:08] [调试] 准备获取当前时间分类
[2026-01-13 04:59:08] [判断] 当前处于课间时间
[2026-01-13 04:59:08] [调试] 当前时间分类: 课间时间, 详细信息: (None, {'id': 3, 'day': '周二', 'start_time': '08:00', 'end_time': '09:20', 'course_code': 'DSCI524', 'course_name': 'DSCI524', 'created_at': '2025-11-24 08:29:32'})
[2026-01-13 04:59:08] [调试] 当前处于课间时间
[2026-01-13 04:59:08] [调试] 上一节课: None, 下一节课: {'id': 3, 'day': '周二', 'start_time': '08:00', 'end_time': '09:20', 'course_code': 'DSCI524', 'course_name': 'DSCI524', 'created_at': '2025-11-24 08:29:32'}
[2026-01-13 04:59:08] [调试] 当前界面: poll_starts
[2026-01-13 04:59:08] [判断] 未找到匹配的图片: return.PNG
[2026-01-13 04:59:08] [调试] 未检测到返回按钮，更新为等待中
[2026-01-13 04:59:08] [调试] 准备进入休眠状态
[2026-01-13 04:59:08] [调试] 休眠结束，继续下一次循环
[2026-01-13 04:59:08] [调试] 进入鼠标控制主循环
[2026-01-13 04:59:08] [调试] 准备获取当前时间分类
[2026-01-13 04:59:08] [判断] 当前处于课间时间
[2026-01-13 04:59:08] [调试] 当前时间分类: 课间时间, 详细信息: (None, {'id': 3, 'day': '周二', 'start_time': '08:00', 'end_time': '09:20', 'course_code': 'DSCI524', 'course_name': 'DSCI524', 'created_at': '2025-11-24 08:29:32'})
[2026-01-13 04:59:08] [调试] 当前处于课间时间
[2026-01-13 04:59:08] [调试] 上一节课: None, 下一节课: {'id': 3, 'day': '周二', 'start_time': '08:00', 'end_time': '09:20', 'course_code': 'DSCI524', 'course_name': 'DSCI524', 'created_at': '2025-11-24 08:29:32'}
[2026-01-13 04:59:08] [调试] 当前界面: poll_starts
[2026-01-13 04:59:09] [判断] 未找到匹配的图片: return.PNG
[2026-01-13 04:59:09] [调试] 未检测到返回按钮，更新为等待中
[2026-01-13 04:59:09] [调试] 准备进入休眠状态
[2026-01-13 04:59:09] [调试] 休眠结束，继续下一次循环
[2026-01-13 04:59:09] [调试] 进入鼠标控制主循环
[2026-01-13 04:59:09] [调试] 准备获取当前时间分类
[2026-01-13 04:59:09] [判断] 当前处于课间时间
[2026-01-13 04:59:09] [调试] 当前时间分类: 课间时间, 详细信息: (None, {'id': 3, 'day': '周二', 'start_time': '08:00', 'end_time': '09:20', 'course_code': 'DSCI524', 'course_name': 'DSCI524', 'created_at': '2025-11-24 08:29:32'})
[2026-01-13 04:59:09] [调试] 当前处于课间时间
[2026-01-13 04:59:09] [调试] 上一节课: None, 下一节课: {'id': 3, 'day': '周二', 'start_time': '08:00', 'end_time': '09:20', 'course_code': 'DSCI524', 'course_name': 'DSCI524', 'created_at': '2025-11-24 08:29:32'}
[2026-01-13 04:59:09] [调试] 当前界面: poll_starts
[2026-01-13 04:59:09] [判断] 未找到匹配的图片: return.PNG
[2026-01-13 04:59:09] [调试] 未检测到返回按钮，更新为等待中
[2026-01-13 04:59:09] [调试] 准备进入休眠状态
[2026-01-13 04:59:10] [调试] 休眠结束，继续下一次循环
[2026-01-13 04:59:10] [调试] 进入鼠标控制主循环
[2026-01-13 04:59:10] [调试] 准备获取当前时间分类
[2026-01-13 04:59:10] [判断] 当前处于课间时间
[2026-01-13 04:59:10] [调试] 当前时间分类: 课间时间, 详细信息: (None, {'id': 3, 'day': '周二', 'start_time': '08:00', 'end_time': '09:20', 'course_code': 'DSCI524', 'course_name': 'DSCI524', 'created_at': '2025-11-24 08:29:32'})
[2026-01-13 04:59:10] [调试] 当前处于课间时间
[2026-01-13 04:59:10] [调试] 上一节课: None, 下一节课: {'id': 3, 'day': '周二', 'start_time': '08:00', 'end_time': '09:20', 'course_code': 'DSCI524', 'course_name': 'DSCI524', 'created_at': '2025-11-24 08:29:32'}
[2026-01-13 04:59:10] [调试] 当前界面: poll_starts
[2026-01-13 04:59:10] [判断] 未找到匹配的图片: return.PNG
[2026-01-13 04:59:10] [调试] 未检测到返回按钮，更新为等待中
[2026-01-13 04:59:10] [调试] 准备进入休眠状态
[2026-01-13 04:59:10] [调试] 休眠结束，继续下一次循环
[2026-01-13 04:59:10] [调试] 进入鼠标控制主循环
[2026-01-13 04:59:10] [调试] 准备获取当前时间分类
[2026-01-13 04:59:10] [判断] 当前处于课间时间
[2026-01-13 04:59:10] [调试] 当前时间分类: 课间时间, 详细信息: (None, {'id': 3, 'day': '周二', 'start_time': '08:00', 'end_time': '09:20', 'course_code': 'DSCI524', 'course_name': 'DSCI524', 'created_at': '2025-11-24 08:29:32'})
[2026-01-13 04:59:10] [调试] 当前处于课间时间
[2026-01-13 04:59:10] [调试] 上一节课: None, 下一节课: {'id': 3, 'day': '周二', 'start_time': '08:00', 'end_time': '09:20', 'course_code': 'DSCI524', 'course_name': 'DSCI524', 'created_at': '2025-11-24 08:29:32'}
[2026-01-13 04:59:10] [调试] 当前界面: poll_starts
[2026-01-13 04:59:11] [判断] 未找到匹配的图片: return.PNG
[2026-01-13 04:59:11] [调试] 未检测到返回按钮，更新为等待中
[2026-01-13 04:59:11] [调试] 准备进入休眠状态
[2026-01-13 04:59:11] [调试] 休眠结束，继续下一次循环
[2026-01-13 04:59:11] [调试] 进入鼠标控制主循环
[2026-01-13 04:59:11] [调试] 准备获取当前时间分类
[2026-01-13 04:59:11] [判断] 当前处于课间时间
[2026-01-13 04:59:11] [调试] 当前时间分类: 课间时间, 详细信息: (None, {'id': 3, 'day': '周二', 'start_time': '08:00', 'end_time': '09:20', 'course_code': 'DSCI524', 'course_name': 'DSCI524', 'created_at': '2025-11-24 08:29:32'})
[2026-01-13 04:59:11] [调试] 当前处于课间时间
[2026-01-13 04:59:11] [调试] 上一节课: None, 下一节课: {'id': 3, 'day': '周二', 'start_time': '08:00', 'end_time': '09:20', 'course_code': 'DSCI524', 'course_name': 'DSCI524', 'created_at': '2025-11-24 08:29:32'}
[2026-01-13 04:59:11] [调试] 当前界面: poll_starts
[2026-01-13 04:59:11] [判断] 未找到匹配的图片: return.PNG
[2026-01-13 04:59:11] [调试] 未检测到返回按钮，更新为等待中
[2026-01-13 04:59:11] [调试] 准备进入休眠状态
[2026-01-13 04:59:12] [调试] 休眠结束，继续下一次循环
[2026-01-13 04:59:12] [调试] 进入鼠标控制主循环
[2026-01-13 04:59:12] [调试] 准备获取当前时间分类
[2026-01-13 04:59:12] [判断] 当前处于课间时间
[2026-01-13 04:59:12] [调试] 当前时间分类: 课间时间, 详细信息: (None, {'id': 3, 'day': '周二', 'start_time': '08:00', 'end_time': '09:20', 'course_code': 'DSCI524', 'course_name': 'DSCI524', 'created_at': '2025-11-24 08:29:32'})
[2026-01-13 04:59:12] [调试] 当前处于课间时间
[2026-01-13 04:59:12] [调试] 上一节课: None, 下一节课: {'id': 3, 'day': '周二', 'start_time': '08:00', 'end_time': '09:20', 'course_code': 'DSCI524', 'course_name': 'DSCI524', 'created_at': '2025-11-24 08:29:32'}
[2026-01-13 04:59:12] [调试] 当前界面: poll_starts
[2026-01-13 04:59:12] [判断] 未找到匹配的图片: return.PNG
[2026-01-13 04:59:12] [调试] 未检测到返回按钮，更新为等待中
[2026-01-13 04:59:12] [调试] 准备进入休眠状态
[2026-01-13 04:59:12] [调试] 休眠结束，继续下一次循环
[2026-01-13 04:59:12] [调试] 进入鼠标控制主循环
[2026-01-13 04:59:12] [调试] 准备获取当前时间分类
[2026-01-13 04:59:12] [判断] 当前处于课间时间
[2026-01-13 04:59:12] [调试] 当前时间分类: 课间时间, 详细信息: (None, {'id': 3, 'day': '周二', 'start_time': '08:00', 'end_time': '09:20', 'course_code': 'DSCI524', 'course_name': 'DSCI524', 'created_at': '2025-11-24 08:29:32'})
[2026-01-13 04:59:12] [调试] 当前处于课间时间
[2026-01-13 04:59:12] [调试] 上一节课: None, 下一节课: {'id': 3, 'day': '周二', 'start_time': '08:00', 'end_time': '09:20', 'course_code': 'DSCI524', 'course_name': 'DSCI524', 'created_at': '2025-11-24 08:29:32'}
[2026-01-13 04:59:12] [调试] 当前界面: poll_starts
[2026-01-13 04:59:13] [判断] 未找到匹配的图片: return.PNG
[2026-01-13 04:59:13] [调试] 未检测到返回按钮，更新为等待中
[2026-01-13 04:59:13] [调试] 准备进入休眠状态
[2026-01-13 04:59:13] [调试] 休眠结束，继续下一次循环
[2026-01-13 04:59:13] [调试] 进入鼠标控制主循环
[2026-01-13 04:59:13] [调试] 准备获取当前时间分类
[2026-01-13 04:59:13] [判断] 当前处于课间时间
[2026-01-13 04:59:13] [调试] 当前时间分类: 课间时间, 详细信息: (None, {'id': 3, 'day': '周二', 'start_time': '08:00', 'end_time': '09:20', 'course_code': 'DSCI524', 'course_name': 'DSCI524', 'created_at': '2025-11-24 08:29:32'})
[2026-01-13 04:59:13] [调试] 当前处于课间时间
[2026-01-13 04:59:13] [调试] 上一节课: None, 下一节课: {'id': 3, 'day': '周二', 'start_time': '08:00', 'end_time': '09:20', 'course_code': 'DSCI524', 'course_name': 'DSCI524', 'created_at': '2025-11-24 08:29:32'}
[2026-01-13 04:59:13] [调试] 当前界面: poll_starts
[2026-01-13 04:59:13] [判断] 未找到匹配的图片: return.PNG
[2026-01-13 04:59:13] [调试] 未检测到返回按钮，更新为等待中
[2026-01-13 04:59:13] [调试] 准备进入休眠状态
[2026-01-13 04:59:14] [调试] 休眠结束，继续下一次循环
[2026-01-13 04:59:14] [调试] 进入鼠标控制主循环
[2026-01-13 04:59:14] [调试] 准备获取当前时间分类
[2026-01-13 04:59:14] [判断] 当前处于课间时间
[2026-01-13 04:59:14] [调试] 当前时间分类: 课间时间, 详细信息: (None, {'id': 3, 'day': '周二', 'start_time': '08:00', 'end_time': '09:20', 'course_code': 'DSCI524', 'course_name': 'DSCI524', 'created_at': '2025-11-24 08:29:32'})
[2026-01-13 04:59:14] [调试] 当前处于课间时间
[2026-01-13 04:59:14] [调试] 上一节课: None, 下一节课: {'id': 3, 'day': '周二', 'start_time': '08:00', 'end_time': '09:20', 'course_code': 'DSCI524', 'course_name': 'DSCI524', 'created_at': '2025-11-24 08:29:32'}
[2026-01-13 04:59:14] [调试] 当前界面: poll_starts
[2026-01-13 04:59:14] [判断] 未找到匹配的图片: return.PNG
[2026-01-13 04:59:14] [调试] 未检测到返回按钮，更新为等待中
[2026-01-13 04:59:14] [调试] 准备进入休眠状态
[2026-01-13 04:59:14] [调试] 休眠结束，继续下一次循环
[2026-01-13 04:59:14] [调试] 进入鼠标控制主循环
[2026-01-13 04:59:14] [调试] 准备获取当前时间分类
[2026-01-13 04:59:14] [判断] 当前处于课间时间
[2026-01-13 04:59:14] [调试] 当前时间分类: 课间时间, 详细信息: (None, {'id': 3, 'day': '周二', 'start_time': '08:00', 'end_time': '09:20', 'course_code': 'DSCI524', 'course_name': 'DSCI524', 'created_at': '2025-11-24 08:29:32'})
[2026-01-13 04:59:14] [调试] 当前处于课间时间
[2026-01-13 04:59:14] [调试] 上一节课: None, 下一节课: {'id': 3, 'day': '周二', 'start_time': '08:00', 'end_time': '09:20', 'course_code': 'DSCI524', 'course_name': 'DSCI524', 'created_at': '2025-11-24 08:29:32'}
[2026-01-13 04:59:14] [调试] 当前界面: poll_starts
[2026-01-13 04:59:15] [判断] 未找到匹配的图片: return.PNG
[2026-01-13 04:59:15] [调试] 未检测到返回按钮，更新为等待中
[2026-01-13 04:59:15] [调试] 准备进入休眠状态
[2026-01-13 04:59:15] [调试] 休眠结束，继续下一次循环
[2026-01-13 04:59:15] [调试] 进入鼠标控制主循环
[2026-01-13 04:59:15] [调试] 准备获取当前时间分类
[2026-01-13 04:59:15] [判断] 当前处于课间时间
[2026-01-13 04:59:15] [调试] 当前时间分类: 课间时间, 详细信息: (None, {'id': 3, 'day': '周二', 'start_time': '08:00', 'end_time': '09:20', 'course_code': 'DSCI524', 'course_name': 'DSCI524', 'created_at': '2025-11-24 08:29:32'})
[2026-01-13 04:59:15] [调试] 当前处于课间时间
[2026-01-13 04:59:15] [调试] 上一节课: None, 下一节课: {'id': 3, 'day': '周二', 'start_time': '08:00', 'end_time': '09:20', 'course_code': 'DSCI524', 'course_name': 'DSCI524', 'created_at': '2025-11-24 08:29:32'}
[2026-01-13 04:59:15] [调试] 当前界面: poll_starts
[2026-01-13 04:59:15] [判断] 未找到匹配的图片: return.PNG
[2026-01-13 04:59:15] [调试] 未检测到返回按钮，更新为等待中
[2026-01-13 04:59:15] [调试] 准备进入休眠状态
[2026-01-13 04:59:16] [调试] 休眠结束，继续下一次循环
[2026-01-13 04:59:16] [调试] 进入鼠标控制主循环
[2026-01-13 04:59:16] [调试] 准备获取当前时间分类
[2026-01-13 04:59:16] [判断] 当前处于课间时间
[2026-01-13 04:59:16] [调试] 当前时间分类: 课间时间, 详细信息: (None, {'id': 3, 'day': '周二', 'start_time': '08:00', 'end_time': '09:20', 'course_code': 'DSCI524', 'course_name': 'DSCI524', 'created_at': '2025-11-24 08:29:32'})
[2026-01-13 04:59:16] [调试] 当前处于课间时间
[2026-01-13 04:59:16] [调试] 上一节课: None, 下一节课: {'id': 3, 'day': '周二', 'start_time': '08:00', 'end_time': '09:20', 'course_code': 'DSCI524', 'course_name': 'DSCI524', 'created_at': '2025-11-24 08:29:32'}
[2026-01-13 04:59:16] [调试] 当前界面: poll_starts
[2026-01-13 04:59:16] [判断] 未找到匹配的图片: return.PNG
[2026-01-13 04:59:16] [调试] 未检测到返回按钮，更新为等待中
[2026-01-13 04:59:16] [调试] 准备进入休眠状态
[2026-01-13 04:59:16] [调试] 休眠结束，继续下一次循环
[2026-01-13 04:59:16] [调试] 进入鼠标控制主循环
[2026-01-13 04:59:16] [调试] 准备获取当前时间分类
[2026-01-13 04:59:16] [判断] 当前处于课间时间
[2026-01-13 04:59:16] [调试] 当前时间分类: 课间时间, 详细信息: (None, {'id': 3, 'day': '周二', 'start_time': '08:00', 'end_time': '09:20', 'course_code': 'DSCI524', 'course_name': 'DSCI524', 'created_at': '2025-11-24 08:29:32'})
[2026-01-13 04:59:16] [调试] 当前处于课间时间
[2026-01-13 04:59:16] [调试] 上一节课: None, 下一节课: {'id': 3, 'day': '周二', 'start_time': '08:00', 'end_time': '09:20', 'course_code': 'DSCI524', 'course_name': 'DSCI524', 'created_at': '2025-11-24 08:29:32'}
[2026-01-13 04:59:16] [调试] 当前界面: poll_starts
[2026-01-13 04:59:17] [判断] 未找到匹配的图片: return.PNG
[2026-01-13 04:59:17] [调试] 未检测到返回按钮，更新为等待中
[2026-01-13 04:59:17] [调试] 准备进入休眠状态
[2026-01-13 04:59:17] [调试] 休眠结束，继续下一次循环
[2026-01-13 04:59:17] [调试] 进入鼠标控制主循环
[2026-01-13 04:59:17] [调试] 准备获取当前时间分类
[2026-01-13 04:59:17] [判断] 当前处于课间时间
[2026-01-13 04:59:17] [调试] 当前时间分类: 课间时间, 详细信息: (None, {'id': 3, 'day': '周二', 'start_time': '08:00', 'end_time': '09:20', 'course_code': 'DSCI524', 'course_name': 'DSCI524', 'created_at': '2025-11-24 08:29:32'})
[2026-01-13 04:59:17] [调试] 当前处于课间时间
[2026-01-13 04:59:17] [调试] 上一节课: None, 下一节课: {'id': 3, 'day': '周二', 'start_time': '08:00', 'end_time': '09:20', 'course_code': 'DSCI524', 'course_name': 'DSCI524', 'created_at': '2025-11-24 08:29:32'}
[2026-01-13 04:59:17] [调试] 当前界面: poll_starts
[2026-01-13 04:59:17] [判断] 未找到匹配的图片: return.PNG
[2026-01-13 04:59:17] [调试] 未检测到返回按钮，更新为等待中
[2026-01-13 04:59:17] [调试] 准备进入休眠状态
[2026-01-13 04:59:18] [调试] 休眠结束，继续下一次循环
[2026-01-13 04:59:18] [调试] 进入鼠标控制主循环
[2026-01-13 04:59:18] [调试] 准备获取当前时间分类
[2026-01-13 04:59:18] [判断] 当前处于课间时间
[2026-01-13 04:59:18] [调试] 当前时间分类: 课间时间, 详细信息: (None, {'id': 3, 'day': '周二', 'start_time': '08:00', 'end_time': '09:20', 'course_code': 'DSCI524', 'course_name': 'DSCI524', 'created_at': '2025-11-24 08:29:32'})
[2026-01-13 04:59:18] [调试] 当前处于课间时间
[2026-01-13 04:59:18] [调试] 上一节课: None, 下一节课: {'id': 3, 'day': '周二', 'start_time': '08:00', 'end_time': '09:20', 'course_code': 'DSCI524', 'course_name': 'DSCI524', 'created_at': '2025-11-24 08:29:32'}
[2026-01-13 04:59:18] [调试] 当前界面: poll_starts
[2026-01-13 04:59:18] [判断] 未找到匹配的图片: return.PNG
[2026-01-13 04:59:18] [调试] 未检测到返回按钮，更新为等待中
[2026-01-13 04:59:18] [调试] 准备进入休眠状态
[2026-01-13 04:59:18] [调试] 休眠结束，继续下一次循环
[2026-01-13 04:59:18] [调试] 进入鼠标控制主循环
[2026-01-13 04:59:18] [调试] 准备获取当前时间分类
[2026-01-13 04:59:18] [判断] 当前处于课间时间
[2026-01-13 04:59:18] [调试] 当前时间分类: 课间时间, 详细信息: (None, {'id': 3, 'day': '周二', 'start_time': '08:00', 'end_time': '09:20', 'course_code': 'DSCI524', 'course_name': 'DSCI524', 'created_at': '2025-11-24 08:29:32'})
[2026-01-13 04:59:18] [调试] 当前处于课间时间
[2026-01-13 04:59:18] [调试] 上一节课: None, 下一节课: {'id': 3, 'day': '周二', 'start_time': '08:00', 'end_time': '09:20', 'course_code': 'DSCI524', 'course_name': 'DSCI524', 'created_at': '2025-11-24 08:29:32'}
[2026-01-13 04:59:18] [调试] 当前界面: poll_starts
[2026-01-13 04:59:19] [判断] 未找到匹配的图片: return.PNG
[2026-01-13 04:59:19] [调试] 未检测到返回按钮，更新为等待中
[2026-01-13 04:59:19] [调试] 准备进入休眠状态
[2026-01-13 04:59:19] [调试] 休眠结束，继续下一次循环
[2026-01-13 04:59:19] [调试] 进入鼠标控制主循环
[2026-01-13 04:59:19] [调试] 准备获取当前时间分类
[2026-01-13 04:59:19] [判断] 当前处于课间时间
[2026-01-13 04:59:19] [调试] 当前时间分类: 课间时间, 详细信息: (None, {'id': 3, 'day': '周二', 'start_time': '08:00', 'end_time': '09:20', 'course_code': 'DSCI524', 'course_name': 'DSCI524', 'created_at': '2025-11-24 08:29:32'})
[2026-01-13 04:59:19] [调试] 当前处于课间时间
[2026-01-13 04:59:19] [调试] 上一节课: None, 下一节课: {'id': 3, 'day': '周二', 'start_time': '08:00', 'end_time': '09:20', 'course_code': 'DSCI524', 'course_name': 'DSCI524', 'created_at': '2025-11-24 08:29:32'}
[2026-01-13 04:59:19] [调试] 当前界面: poll_starts
[2026-01-13 04:59:19] [判断] 未找到匹配的图片: return.PNG
[2026-01-13 04:59:19] [调试] 未检测到返回按钮，更新为等待中
[2026-01-13 04:59:19] [调试] 准备进入休眠状态
[2026-01-13 04:59:20] [调试] 休眠结束，继续下一次循环
[2026-01-13 04:59:20] [调试] 进入鼠标控制主循环
[2026-01-13 04:59:20] [调试] 准备获取当前时间分类
[2026-01-13 04:59:20] [判断] 当前处于课间时间
[2026-01-13 04:59:20] [调试] 当前时间分类: 课间时间, 详细信息: (None, {'id': 3, 'day': '周二', 'start_time': '08:00', 'end_time': '09:20', 'course_code': 'DSCI524', 'course_name': 'DSCI524', 'created_at': '2025-11-24 08:29:32'})
[2026-01-13 04:59:20] [调试] 当前处于课间时间
[2026-01-13 04:59:20] [调试] 上一节课: None, 下一节课: {'id': 3, 'day': '周二', 'start_time': '08:00', 'end_time': '09:20', 'course_code': 'DSCI524', 'course_name': 'DSCI524', 'created_at': '2025-11-24 08:29:32'}
[2026-01-13 04:59:20] [调试] 当前界面: poll_starts
[2026-01-13 04:59:20] [判断] 未找到匹配的图片: return.PNG
[2026-01-13 04:59:20] [调试] 未检测到返回按钮，更新为等待中
[2026-01-13 04:59:20] [调试] 准备进入休眠状态
[2026-01-13 04:59:20] [调试] 休眠结束，继续下一次循环
[2026-01-13 04:59:20] [调试] 进入鼠标控制主循环
[2026-01-13 04:59:20] [调试] 准备获取当前时间分类
[2026-01-13 04:59:20] [判断] 当前处于课间时间
[2026-01-13 04:59:20] [调试] 当前时间分类: 课间时间, 详细信息: (None, {'id': 3, 'day': '周二', 'start_time': '08:00', 'end_time': '09:20', 'course_code': 'DSCI524', 'course_name': 'DSCI524', 'created_at': '2025-11-24 08:29:32'})
[2026-01-13 04:59:20] [调试] 当前处于课间时间
[2026-01-13 04:59:20] [调试] 上一节课: None, 下一节课: {'id': 3, 'day': '周二', 'start_time': '08:00', 'end_time': '09:20', 'course_code': 'DSCI524', 'course_name': 'DSCI524', 'created_at': '2025-11-24 08:29:32'}
[2026-01-13 04:59:20] [调试] 当前界面: poll_starts
[2026-01-13 04:59:21] [判断] 未找到匹配的图片: return.PNG
[2026-01-13 04:59:21] [调试] 未检测到返回按钮，更新为等待中
[2026-01-13 04:59:21] [调试] 准备进入休眠状态
[2026-01-13 04:59:21] [调试] 休眠结束，继续下一次循环
[2026-01-13 04:59:21] [调试] 进入鼠标控制主循环
[2026-01-13 04:59:21] [调试] 准备获取当前时间分类
[2026-01-13 04:59:21] [判断] 当前处于课间时间
[2026-01-13 04:59:21] [调试] 当前时间分类: 课间时间, 详细信息: (None, {'id': 3, 'day': '周二', 'start_time': '08:00', 'end_time': '09:20', 'course_code': 'DSCI524', 'course_name': 'DSCI524', 'created_at': '2025-11-24 08:29:32'})
[2026-01-13 04:59:21] [调试] 当前处于课间时间
[2026-01-13 04:59:21] [调试] 上一节课: None, 下一节课: {'id': 3, 'day': '周二', 'start_time': '08:00', 'end_time': '09:20', 'course_code': 'DSCI524', 'course_name': 'DSCI524', 'created_at': '2025-11-24 08:29:32'}
[2026-01-13 04:59:21] [调试] 当前界面: poll_starts
[2026-01-13 04:59:21] [判断] 未找到匹配的图片: return.PNG
[2026-01-13 04:59:21] [调试] 未检测到返回按钮，更新为等待中
[2026-01-13 04:59:21] [调试] 准备进入休眠状态
[2026-01-13 04:59:22] [调试] 休眠结束，继续下一次循环
[2026-01-13 04:59:22] [调试] 进入鼠标控制主循环
[2026-01-13 04:59:22] [调试] 准备获取当前时间分类
[2026-01-13 04:59:22] [判断] 当前处于课间时间
[2026-01-13 04:59:22] [调试] 当前时间分类: 课间时间, 详细信息: (None, {'id': 3, 'day': '周二', 'start_time': '08:00', 'end_time': '09:20', 'course_code': 'DSCI524', 'course_name': 'DSCI524', 'created_at': '2025-11-24 08:29:32'})
[2026-01-13 04:59:22] [调试] 当前处于课间时间
[2026-01-13 04:59:22] [调试] 上一节课: None, 下一节课: {'id': 3, 'day': '周二', 'start_time': '08:00', 'end_time': '09:20', 'course_code': 'DSCI524', 'course_name': 'DSCI524', 'created_at': '2025-11-24 08:29:32'}
[2026-01-13 04:59:22] [调试] 当前界面: poll_starts
[2026-01-13 04:59:22] [判断] 未找到匹配的图片: return.PNG
[2026-01-13 04:59:22] [调试] 未检测到返回按钮，更新为等待中
[2026-01-13 04:59:22] [调试] 准备进入休眠状态
[2026-01-13 04:59:22] [调试] 休眠结束，继续下一次循环
[2026-01-13 04:59:22] [调试] 进入鼠标控制主循环
[2026-01-13 04:59:22] [调试] 准备获取当前时间分类
[2026-01-13 04:59:22] [判断] 当前处于课间时间
[2026-01-13 04:59:22] [调试] 当前时间分类: 课间时间, 详细信息: (None, {'id': 3, 'day': '周二', 'start_time': '08:00', 'end_time': '09:20', 'course_code': 'DSCI524', 'course_name': 'DSCI524', 'created_at': '2025-11-24 08:29:32'})
[2026-01-13 04:59:22] [调试] 当前处于课间时间
[2026-01-13 04:59:22] [调试] 上一节课: None, 下一节课: {'id': 3, 'day': '周二', 'start_time': '08:00', 'end_time': '09:20', 'course_code': 'DSCI524', 'course_name': 'DSCI524', 'created_at': '2025-11-24 08:29:32'}
[2026-01-13 04:59:22] [调试] 当前界面: poll_starts
[2026-01-13 04:59:23] [判断] 未找到匹配的图片: return.PNG
[2026-01-13 04:59:23] [调试] 未检测到返回按钮，更新为等待中
[2026-01-13 04:59:23] [调试] 准备进入休眠状态
[2026-01-13 04:59:23] [调试] 休眠结束，继续下一次循环
[2026-01-13 04:59:23] [调试] 进入鼠标控制主循环
[2026-01-13 04:59:23] [调试] 准备获取当前时间分类
[2026-01-13 04:59:23] [判断] 当前处于课间时间
[2026-01-13 04:59:23] [调试] 当前时间分类: 课间时间, 详细信息: (None, {'id': 3, 'day': '周二', 'start_time': '08:00', 'end_time': '09:20', 'course_code': 'DSCI524', 'course_name': 'DSCI524', 'created_at': '2025-11-24 08:29:32'})
[2026-01-13 04:59:23] [调试] 当前处于课间时间
[2026-01-13 04:59:23] [调试] 上一节课: None, 下一节课: {'id': 3, 'day': '周二', 'start_time': '08:00', 'end_time': '09:20', 'course_code': 'DSCI524', 'course_name': 'DSCI524', 'created_at': '2025-11-24 08:29:32'}
[2026-01-13 04:59:23] [调试] 当前界面: poll_starts
[2026-01-13 04:59:23] [判断] 未找到匹配的图片: return.PNG
[2026-01-13 04:59:23] [调试] 未检测到返回按钮，更新为等待中
[2026-01-13 04:59:23] [调试] 准备进入休眠状态
[2026-01-13 04:59:24] [调试] 休眠结束，继续下一次循环
[2026-01-13 04:59:24] [调试] 进入鼠标控制主循环
[2026-01-13 04:59:24] [调试] 准备获取当前时间分类
[2026-01-13 04:59:24] [判断] 当前处于课间时间
[2026-01-13 04:59:24] [调试] 当前时间分类: 课间时间, 详细信息: (None, {'id': 3, 'day': '周二', 'start_time': '08:00', 'end_time': '09:20', 'course_code': 'DSCI524', 'course_name': 'DSCI524', 'created_at': '2025-11-24 08:29:32'})
[2026-01-13 04:59:24] [调试] 当前处于课间时间
[2026-01-13 04:59:24] [调试] 上一节课: None, 下一节课: {'id': 3, 'day': '周二', 'start_time': '08:00', 'end_time': '09:20', 'course_code': 'DSCI524', 'course_name': 'DSCI524', 'created_at': '2025-11-24 08:29:32'}
[2026-01-13 04:59:24] [调试] 当前界面: poll_starts
[2026-01-13 04:59:24] [判断] 未找到匹配的图片: return.PNG
[2026-01-13 04:59:24] [调试] 未检测到返回按钮，更新为等待中
[2026-01-13 04:59:24] [调试] 准备进入休眠状态
[2026-01-13 04:59:25] [调试] 休眠结束，继续下一次循环
[2026-01-13 04:59:25] [调试] 进入鼠标控制主循环
[2026-01-13 04:59:25] [调试] 准备获取当前时间分类
[2026-01-13 04:59:25] [判断] 当前处于课间时间
[2026-01-13 04:59:25] [调试] 当前时间分类: 课间时间, 详细信息: (None, {'id': 3, 'day': '周二', 'start_time': '08:00', 'end_time': '09:20', 'course_code': 'DSCI524', 'course_name': 'DSCI524', 'created_at': '2025-11-24 08:29:32'})
[2026-01-13 04:59:25] [调试] 当前处于课间时间
[2026-01-13 04:59:25] [调试] 上一节课: None, 下一节课: {'id': 3, 'day': '周二', 'start_time': '08:00', 'end_time': '09:20', 'course_code': 'DSCI524', 'course_name': 'DSCI524', 'created_at': '2025-11-24 08:29:32'}
[2026-01-13 04:59:25] [调试] 当前界面: poll_starts
[2026-01-13 04:59:25] [判断] 未找到匹配的图片: return.PNG
[2026-01-13 04:59:25] [调试] 未检测到返回按钮，更新为等待中
[2026-01-13 04:59:25] [调试] 准备进入休眠状态
[2026-01-13 04:59:25] [调试] 休眠结束，继续下一次循环
[2026-01-13 04:59:25] [调试] 进入鼠标控制主循环
[2026-01-13 04:59:25] [调试] 准备获取当前时间分类
[2026-01-13 04:59:25] [判断] 当前处于课间时间
[2026-01-13 04:59:25] [调试] 当前时间分类: 课间时间, 详细信息: (None, {'id': 3, 'day': '周二', 'start_time': '08:00', 'end_time': '09:20', 'course_code': 'DSCI524', 'course_name': 'DSCI524', 'created_at': '2025-11-24 08:29:32'})
[2026-01-13 04:59:25] [调试] 当前处于课间时间
[2026-01-13 04:59:25] [调试] 上一节课: None, 下一节课: {'id': 3, 'day': '周二', 'start_time': '08:00', 'end_time': '09:20', 'course_code': 'DSCI524', 'course_name': 'DSCI524', 'created_at': '2025-11-24 08:29:32'}
[2026-01-13 04:59:25] [调试] 当前界面: poll_starts
[2026-01-13 04:59:25] [判断] 未找到匹配的图片: return.PNG
[2026-01-13 04:59:25] [调试] 未检测到返回按钮，更新为等待中
[2026-01-13 04:59:25] [调试] 准备进入休眠状态
[2026-01-13 04:59:26] [调试] 休眠结束，继续下一次循环
[2026-01-13 04:59:26] [调试] 准备移除键盘监听
[2026-01-13 04:59:26] [调试] 键盘监听移除完成
[2026-01-13 04:59:26] [重要] 鼠标控制功能停止
[2026-01-13 04:59:26] [状态] 时间分类更新为: 未启动
[2026-01-13 04:59:26] [重要] 鼠标控制功能停止
[2026-01-13 05:00:21] [操作] 程序开始退出流程
[2026-01-13 05:00:21] [调试] 准备停止所有线程和功能
[2026-01-13 05:00:21] [调试] 基础标志状态已更新
[2026-01-13 05:00:21] [调试] 准备停止鼠标控制
[2026-01-13 05:00:21] [调试] 准备移除键盘监听
[2026-01-13 05:00:21] [调试] 键盘监听移除完成
[2026-01-13 05:00:21] [调试] 准备停止屏幕检测
[2026-01-13 05:00:21] [调试] 设置屏幕检测状态为停止
[2026-01-13 05:00:21] [调试] 屏幕检测停止完成
[2026-01-13 05:00:21] [调试] 准备确保所有线程都已停止
[2026-01-13 05:00:21] [调试] 等待鼠标控制线程结束
[2026-01-13 05:00:21] [调试] 鼠标控制线程结束
[2026-01-13 05:00:21] [重要] 程序退出
[2026-01-13 05:00:21] [调试] 准备销毁主窗口
[2026-01-13 05:00:21] [调试] 主窗口销毁操作已调度
